#
# There is insufficient memory for the Java Runtime Environment to continue.
# Native memory allocation (malloc) failed to allocate 241664 bytes. Error detail: Chunk::new
# Possible reasons:
#   The system is out of physical RAM or swap space
#   This process is running with CompressedOops enabled, and the Java Heap may be blocking the growth of the native heap
# Possible solutions:
#   Reduce memory load on the system
#   Increase physical memory or swap space
#   Check if swap backing store is full
#   Decrease Java heap size (-Xmx/-Xms)
#   Decrease number of Java threads
#   Decrease Java thread stack sizes (-Xss)
#   Set larger code cache with -XX:ReservedCodeCacheSize=
#   JVM is running with Unscaled Compressed Oops mode in which the Java heap is
#     placed in the first 4GB address space. The Java Heap base address is the
#     maximum limit for the native heap growth. Please use -XX:HeapBaseMinAddress
#     to set the Java Heap base and to place the Java Heap above 4GB virtual address.
# This output file may be truncated or incomplete.
#
#  Out of Memory Error (arena.cpp:168), pid=1524, tid=18680
#
# JRE version: OpenJDK Runtime Environment Temurin-21.0.10+7 (21.0.10+7) (build 21.0.10+7-LTS)
# Java VM: OpenJDK 64-Bit Server VM Temurin-21.0.10+7 (21.0.10+7-LTS, mixed mode, sharing, tiered, compressed oops, compressed class ptrs, g1 gc, windows-amd64)
# No core dump will be written. Minidumps are not enabled by default on client versions of Windows
#

---------------  S U M M A R Y ------------

Command Line: --add-opens=java.base/java.util=ALL-UNNAMED --add-opens=java.base/java.lang=ALL-UNNAMED --add-opens=java.base/java.lang.invoke=ALL-UNNAMED --add-opens=java.prefs/java.util.prefs=ALL-UNNAMED --add-exports=jdk.compiler/com.sun.tools.javac.api=ALL-UNNAMED --add-exports=jdk.compiler/com.sun.tools.javac.util=ALL-UNNAMED --add-opens=java.base/java.nio.charset=ALL-UNNAMED --add-opens=java.base/java.net=ALL-UNNAMED --add-opens=java.base/java.util.concurrent.atomic=ALL-UNNAMED -XX:MaxMetaspaceSize=384m -XX:+HeapDumpOnOutOfMemoryError -Xms256m -Xmx512m -Dfile.encoding=utf8 -Duser.country=US -Duser.language=en -Duser.variant -javaagent:C:\Users\Atif\.gradle\wrapper\dists\gradle-8.9-bin\90cnw93cvbtalezasaz0blq0a\gradle-8.9\lib\agents\gradle-instrumentation-agent-8.9.jar org.gradle.launcher.daemon.bootstrap.GradleDaemon 8.9

Host: Intel(R) Core(TM) i5-6200U CPU @ 2.30GHz, 4 cores, 7G,  Windows 11 , 64 bit Build 22621 (10.0.22621.5415)
Time: Wed May  6 18:33:16 2026 Pakistan Standard Time elapsed time: 111.647882 seconds (0d 0h 1m 51s)

---------------  T H R E A D  ---------------

Current thread (0x000002b69eeb6630):  JavaThread "C2 CompilerThread0" daemon [_thread_in_native, id=18680, stack(0x000000f7e5900000,0x000000f7e5a00000) (1024K)]


Current CompileTask:
C2:111648 2435       4       java.util.HashMap::putVal (300 bytes)

Stack: [0x000000f7e5900000,0x000000f7e5a00000]
Native frames: (J=compiled Java code, j=interpreted, Vv=VM code, C=native code)
V  [jvm.dll+0x6d7a39]
V  [jvm.dll+0x8b4b26]
V  [jvm.dll+0x8b70de]
V  [jvm.dll+0x8b77c3]
V  [jvm.dll+0x284346]
V  [jvm.dll+0xc66ed]
V  [jvm.dll+0xc6c31]
V  [jvm.dll+0x3bec3b]
V  [jvm.dll+0x38b162]
V  [jvm.dll+0x38a5aa]
V  [jvm.dll+0x24c560]
V  [jvm.dll+0x24bb40]
V  [jvm.dll+0x1cb34e]
V  [jvm.dll+0x25b85d]
V  [jvm.dll+0x259dea]
V  [jvm.dll+0x3f857e]
V  [jvm.dll+0x85f59d]
V  [jvm.dll+0x6d626d]
C  [ucrtbase.dll+0x29333]
C  [KERNEL32.DLL+0x1259d]
C  [ntdll.dll+0x5af78]


---------------  P R O C E S S  ---------------

Threads class SMR info:
_java_thread_list=0x000002b6b952e8f0, length=19, elements={
0x000002b689d7fab0, 0x000002b69eeae680, 0x000002b69eeaf340, 0x000002b69eeb0260,
0x000002b69eeb22d0, 0x000002b69eeb4e40, 0x000002b69eeb58a0, 0x000002b69eeb6630,
0x000002b6b805b010, 0x000002b6b81d4d00, 0x000002b6b826f100, 0x000002b6b9046050,
0x000002b6b81fdbd0, 0x000002b6b9932410, 0x000002b6b95e0f40, 0x000002b6b95944d0,
0x000002b6b96f6a20, 0x000002b6b9812c40, 0x000002b6b958e070
}

Java Threads: ( => current thread )
  0x000002b689d7fab0 JavaThread "main"                              [_thread_blocked, id=18492, stack(0x000000f7e4b00000,0x000000f7e4c00000) (1024K)]
  0x000002b69eeae680 JavaThread "Reference Handler"          daemon [_thread_blocked, id=18656, stack(0x000000f7e5300000,0x000000f7e5400000) (1024K)]
  0x000002b69eeaf340 JavaThread "Finalizer"                  daemon [_thread_blocked, id=18660, stack(0x000000f7e5400000,0x000000f7e5500000) (1024K)]
  0x000002b69eeb0260 JavaThread "Signal Dispatcher"          daemon [_thread_blocked, id=18664, stack(0x000000f7e5500000,0x000000f7e5600000) (1024K)]
  0x000002b69eeb22d0 JavaThread "Attach Listener"            daemon [_thread_blocked, id=18668, stack(0x000000f7e5600000,0x000000f7e5700000) (1024K)]
  0x000002b69eeb4e40 JavaThread "Service Thread"             daemon [_thread_blocked, id=18672, stack(0x000000f7e5700000,0x000000f7e5800000) (1024K)]
  0x000002b69eeb58a0 JavaThread "Monitor Deflation Thread"   daemon [_thread_blocked, id=18676, stack(0x000000f7e5800000,0x000000f7e5900000) (1024K)]
=>0x000002b69eeb6630 JavaThread "C2 CompilerThread0"         daemon [_thread_in_native, id=18680, stack(0x000000f7e5900000,0x000000f7e5a00000) (1024K)]
  0x000002b6b805b010 JavaThread "C1 CompilerThread0"         daemon [_thread_blocked, id=18704, stack(0x000000f7e5a00000,0x000000f7e5b00000) (1024K)]
  0x000002b6b81d4d00 JavaThread "Common-Cleaner"             daemon [_thread_blocked, id=18776, stack(0x000000f7e5b00000,0x000000f7e5c00000) (1024K)]
  0x000002b6b826f100 JavaThread "Notification Thread"        daemon [_thread_blocked, id=18808, stack(0x000000f7e5c00000,0x000000f7e5d00000) (1024K)]
  0x000002b6b9046050 JavaThread "Daemon health stats"               [_thread_blocked, id=15356, stack(0x000000f7e4a00000,0x000000f7e4b00000) (1024K)]
  0x000002b6b81fdbd0 JavaThread "Incoming local TCP Connector on port 65300"        [_thread_in_native, id=16600, stack(0x000000f7e6000000,0x000000f7e6100000) (1024K)]
  0x000002b6b9932410 JavaThread "Daemon periodic checks"            [_thread_blocked, id=11924, stack(0x000000f7e6100000,0x000000f7e6200000) (1024K)]
  0x000002b6b95e0f40 JavaThread "Daemon"                            [_thread_blocked, id=16608, stack(0x000000f7e6300000,0x000000f7e6400000) (1024K)]
  0x000002b6b95944d0 JavaThread "Handler for socket connection from /127.0.0.1:65300 to /127.0.0.1:65309"        [_thread_in_native, id=16420, stack(0x000000f7e6400000,0x000000f7e6500000) (1024K)]
  0x000002b6b96f6a20 JavaThread "Cancel handler"                    [_thread_blocked, id=19500, stack(0x000000f7e6500000,0x000000f7e6600000) (1024K)]
  0x000002b6b9812c40 JavaThread "Daemon worker"                     [_thread_in_vm, id=19556, stack(0x000000f7e6600000,0x000000f7e6700000) (1024K)]
  0x000002b6b958e070 JavaThread "Asynchronous log dispatcher for DefaultDaemonConnection: socket connection from /127.0.0.1:65300 to /127.0.0.1:65309"        [_thread_new, id=19576, stack(0x0000000000000000,0x0000000000000000) (0B)]
Total: 19

Other Threads:
  0x000002b69ee93b50 VMThread "VM Thread"                           [id=18608, stack(0x000000f7e5200000,0x000000f7e5300000) (1024K)]
  0x000002b69ee7f870 WatcherThread "VM Periodic Task Thread"        [id=18604, stack(0x000000f7e5100000,0x000000f7e5200000) (1024K)]
  0x000002b689da7080 WorkerThread "GC Thread#0"                     [id=18532, stack(0x000000f7e4c00000,0x000000f7e4d00000) (1024K)]
  0x000002b6b84ac3d0 WorkerThread "GC Thread#1"                     [id=19300, stack(0x000000f7e5d00000,0x000000f7e5e00000) (1024K)]
  0x000002b6b84ac780 WorkerThread "GC Thread#2"                     [id=19304, stack(0x000000f7e5e00000,0x000000f7e5f00000) (1024K)]
  0x000002b6b84acb30 WorkerThread "GC Thread#3"                     [id=19308, stack(0x000000f7e5f00000,0x000000f7e6000000) (1024K)]
  0x000002b689dac880 ConcurrentGCThread "G1 Main Marker"            [id=18536, stack(0x000000f7e4d00000,0x000000f7e4e00000) (1024K)]
  0x000002b689dad540 WorkerThread "G1 Conc#0"                       [id=18540, stack(0x000000f7e4e00000,0x000000f7e4f00000) (1024K)]
  0x000002b69ed4e5a0 ConcurrentGCThread "G1 Refine#0"               [id=18544, stack(0x000000f7e4f00000,0x000000f7e5000000) (1024K)]
  0x000002b69ed4f120 ConcurrentGCThread "G1 Service"                [id=18548, stack(0x000000f7e5000000,0x000000f7e5100000) (1024K)]
Total: 10

Threads with active compile tasks:
C2 CompilerThread0  111888 2435       4       java.util.HashMap::putVal (300 bytes)
Total: 1

VM state: not at safepoint (normal execution)

VM Mutex/Monitor currently owned by a thread: None

Heap address: 0x00000000e0000000, size: 512 MB, Compressed Oops mode: 32-bit

CDS archive(s) mapped at: [0x000002b69f000000-0x000002b69fba0000-0x000002b69fba0000), size 12189696, SharedBaseAddress: 0x000002b69f000000, ArchiveRelocationMode: 1.
Compressed class space mapped at: 0x000002b6a0000000-0x000002b6b4000000, reserved size: 335544320
Narrow klass base: 0x000002b69f000000, Narrow klass shift: 0, Narrow klass range: 0x100000000

GC Precious Log:
 CardTable entry size: 512
 Card Set container configuration: InlinePtr #cards 5 size 8 Array Of Cards #cards 12 size 40 Howl #buckets 4 coarsen threshold 1843 Howl Bitmap #cards 512 size 80 coarsen threshold 460 Card regions per heap region 1 cards per card region 2048
 CPUs: 4 total, 4 available
 Memory: 8072M
 Large Page Support: Disabled
 NUMA Support: Disabled
 Compressed Oops: Enabled (32-bit)
 Heap Region Size: 1M
 Heap Min Capacity: 256M
 Heap Initial Capacity: 256M
 Heap Max Capacity: 512M
 Pre-touch: Disabled
 Parallel Workers: 4
 Concurrent Workers: 1
 Concurrent Refinement Workers: 4
 Periodic GC: Disabled

Heap:
 garbage-first heap   total 262144K, used 88354K [0x00000000e0000000, 0x0000000100000000)
  region size 1024K, 79 young (80896K), 4 survivors (4096K)
 Metaspace       used 10577K, committed 10944K, reserved 393216K
  class space    used 1421K, committed 1600K, reserved 327680K

Heap Regions: E=young(eden), S=young(survivor), O=old, HS=humongous(starts), HC=humongous(continues), CS=collection set, F=free, TAMS=top-at-mark-start, PB=parsable bottom
|   0|0x00000000e0000000, 0x00000000e0100000, 0x00000000e0100000|100%|HS|  |TAMS 0x00000000e0000000| PB 0x00000000e0000000| Complete 
|   1|0x00000000e0100000, 0x00000000e0200000, 0x00000000e0200000|100%|HC|  |TAMS 0x00000000e0100000| PB 0x00000000e0100000| Complete 
|   2|0x00000000e0200000, 0x00000000e0300000, 0x00000000e0300000|100%|HC|  |TAMS 0x00000000e0200000| PB 0x00000000e0200000| Complete 
|   3|0x00000000e0300000, 0x00000000e0400000, 0x00000000e0400000|100%|HC|  |TAMS 0x00000000e0300000| PB 0x00000000e0300000| Complete 
|   4|0x00000000e0400000, 0x00000000e0500000, 0x00000000e0500000|100%| O|  |TAMS 0x00000000e0400000| PB 0x00000000e0400000| Untracked 
|   5|0x00000000e0500000, 0x00000000e0600000, 0x00000000e0600000|100%| O|  |TAMS 0x00000000e0500000| PB 0x00000000e0500000| Untracked 
|   6|0x00000000e0600000, 0x00000000e0700000, 0x00000000e0700000|100%| O|  |TAMS 0x00000000e0600000| PB 0x00000000e0600000| Untracked 
|   7|0x00000000e0700000, 0x00000000e0748900, 0x00000000e0800000| 28%| O|  |TAMS 0x00000000e0700000| PB 0x00000000e0700000| Untracked 
|   8|0x00000000e0800000, 0x00000000e0900000, 0x00000000e0900000|100%|HS|  |TAMS 0x00000000e0800000| PB 0x00000000e0800000| Complete 
|   9|0x00000000e0900000, 0x00000000e0a00000, 0x00000000e0a00000|100%|HS|  |TAMS 0x00000000e0900000| PB 0x00000000e0900000| Complete 
|  10|0x00000000e0a00000, 0x00000000e0a00000, 0x00000000e0b00000|  0%| F|  |TAMS 0x00000000e0a00000| PB 0x00000000e0a00000| Untracked 
|  11|0x00000000e0b00000, 0x00000000e0b00000, 0x00000000e0c00000|  0%| F|  |TAMS 0x00000000e0b00000| PB 0x00000000e0b00000| Untracked 
|  12|0x00000000e0c00000, 0x00000000e0c00000, 0x00000000e0d00000|  0%| F|  |TAMS 0x00000000e0c00000| PB 0x00000000e0c00000| Untracked 
|  13|0x00000000e0d00000, 0x00000000e0d00000, 0x00000000e0e00000|  0%| F|  |TAMS 0x00000000e0d00000| PB 0x00000000e0d00000| Untracked 
|  14|0x00000000e0e00000, 0x00000000e0e00000, 0x00000000e0f00000|  0%| F|  |TAMS 0x00000000e0e00000| PB 0x00000000e0e00000| Untracked 
|  15|0x00000000e0f00000, 0x00000000e0f00000, 0x00000000e1000000|  0%| F|  |TAMS 0x00000000e0f00000| PB 0x00000000e0f00000| Untracked 
|  16|0x00000000e1000000, 0x00000000e1000000, 0x00000000e1100000|  0%| F|  |TAMS 0x00000000e1000000| PB 0x00000000e1000000| Untracked 
|  17|0x00000000e1100000, 0x00000000e1100000, 0x00000000e1200000|  0%| F|  |TAMS 0x00000000e1100000| PB 0x00000000e1100000| Untracked 
|  18|0x00000000e1200000, 0x00000000e1200000, 0x00000000e1300000|  0%| F|  |TAMS 0x00000000e1200000| PB 0x00000000e1200000| Untracked 
|  19|0x00000000e1300000, 0x00000000e1300000, 0x00000000e1400000|  0%| F|  |TAMS 0x00000000e1300000| PB 0x00000000e1300000| Untracked 
|  20|0x00000000e1400000, 0x00000000e1400000, 0x00000000e1500000|  0%| F|  |TAMS 0x00000000e1400000| PB 0x00000000e1400000| Untracked 
|  21|0x00000000e1500000, 0x00000000e1500000, 0x00000000e1600000|  0%| F|  |TAMS 0x00000000e1500000| PB 0x00000000e1500000| Untracked 
|  22|0x00000000e1600000, 0x00000000e1600000, 0x00000000e1700000|  0%| F|  |TAMS 0x00000000e1600000| PB 0x00000000e1600000| Untracked 
|  23|0x00000000e1700000, 0x00000000e1700000, 0x00000000e1800000|  0%| F|  |TAMS 0x00000000e1700000| PB 0x00000000e1700000| Untracked 
|  24|0x00000000e1800000, 0x00000000e1800000, 0x00000000e1900000|  0%| F|  |TAMS 0x00000000e1800000| PB 0x00000000e1800000| Untracked 
|  25|0x00000000e1900000, 0x00000000e1900000, 0x00000000e1a00000|  0%| F|  |TAMS 0x00000000e1900000| PB 0x00000000e1900000| Untracked 
|  26|0x00000000e1a00000, 0x00000000e1a00000, 0x00000000e1b00000|  0%| F|  |TAMS 0x00000000e1a00000| PB 0x00000000e1a00000| Untracked 
|  27|0x00000000e1b00000, 0x00000000e1b00000, 0x00000000e1c00000|  0%| F|  |TAMS 0x00000000e1b00000| PB 0x00000000e1b00000| Untracked 
|  28|0x00000000e1c00000, 0x00000000e1c00000, 0x00000000e1d00000|  0%| F|  |TAMS 0x00000000e1c00000| PB 0x00000000e1c00000| Untracked 
|  29|0x00000000e1d00000, 0x00000000e1d00000, 0x00000000e1e00000|  0%| F|  |TAMS 0x00000000e1d00000| PB 0x00000000e1d00000| Untracked 
|  30|0x00000000e1e00000, 0x00000000e1e00000, 0x00000000e1f00000|  0%| F|  |TAMS 0x00000000e1e00000| PB 0x00000000e1e00000| Untracked 
|  31|0x00000000e1f00000, 0x00000000e1f00000, 0x00000000e2000000|  0%| F|  |TAMS 0x00000000e1f00000| PB 0x00000000e1f00000| Untracked 
|  32|0x00000000e2000000, 0x00000000e2000000, 0x00000000e2100000|  0%| F|  |TAMS 0x00000000e2000000| PB 0x00000000e2000000| Untracked 
|  33|0x00000000e2100000, 0x00000000e2100000, 0x00000000e2200000|  0%| F|  |TAMS 0x00000000e2100000| PB 0x00000000e2100000| Untracked 
|  34|0x00000000e2200000, 0x00000000e2200000, 0x00000000e2300000|  0%| F|  |TAMS 0x00000000e2200000| PB 0x00000000e2200000| Untracked 
|  35|0x00000000e2300000, 0x00000000e2300000, 0x00000000e2400000|  0%| F|  |TAMS 0x00000000e2300000| PB 0x00000000e2300000| Untracked 
|  36|0x00000000e2400000, 0x00000000e2400000, 0x00000000e2500000|  0%| F|  |TAMS 0x00000000e2400000| PB 0x00000000e2400000| Untracked 
|  37|0x00000000e2500000, 0x00000000e2500000, 0x00000000e2600000|  0%| F|  |TAMS 0x00000000e2500000| PB 0x00000000e2500000| Untracked 
|  38|0x00000000e2600000, 0x00000000e2600000, 0x00000000e2700000|  0%| F|  |TAMS 0x00000000e2600000| PB 0x00000000e2600000| Untracked 
|  39|0x00000000e2700000, 0x00000000e2700000, 0x00000000e2800000|  0%| F|  |TAMS 0x00000000e2700000| PB 0x00000000e2700000| Untracked 
|  40|0x00000000e2800000, 0x00000000e2800000, 0x00000000e2900000|  0%| F|  |TAMS 0x00000000e2800000| PB 0x00000000e2800000| Untracked 
|  41|0x00000000e2900000, 0x00000000e2900000, 0x00000000e2a00000|  0%| F|  |TAMS 0x00000000e2900000| PB 0x00000000e2900000| Untracked 
|  42|0x00000000e2a00000, 0x00000000e2a00000, 0x00000000e2b00000|  0%| F|  |TAMS 0x00000000e2a00000| PB 0x00000000e2a00000| Untracked 
|  43|0x00000000e2b00000, 0x00000000e2b00000, 0x00000000e2c00000|  0%| F|  |TAMS 0x00000000e2b00000| PB 0x00000000e2b00000| Untracked 
|  44|0x00000000e2c00000, 0x00000000e2c00000, 0x00000000e2d00000|  0%| F|  |TAMS 0x00000000e2c00000| PB 0x00000000e2c00000| Untracked 
|  45|0x00000000e2d00000, 0x00000000e2d00000, 0x00000000e2e00000|  0%| F|  |TAMS 0x00000000e2d00000| PB 0x00000000e2d00000| Untracked 
|  46|0x00000000e2e00000, 0x00000000e2e00000, 0x00000000e2f00000|  0%| F|  |TAMS 0x00000000e2e00000| PB 0x00000000e2e00000| Untracked 
|  47|0x00000000e2f00000, 0x00000000e2f00000, 0x00000000e3000000|  0%| F|  |TAMS 0x00000000e2f00000| PB 0x00000000e2f00000| Untracked 
|  48|0x00000000e3000000, 0x00000000e3000000, 0x00000000e3100000|  0%| F|  |TAMS 0x00000000e3000000| PB 0x00000000e3000000| Untracked 
|  49|0x00000000e3100000, 0x00000000e3100000, 0x00000000e3200000|  0%| F|  |TAMS 0x00000000e3100000| PB 0x00000000e3100000| Untracked 
|  50|0x00000000e3200000, 0x00000000e3200000, 0x00000000e3300000|  0%| F|  |TAMS 0x00000000e3200000| PB 0x00000000e3200000| Untracked 
|  51|0x00000000e3300000, 0x00000000e3300000, 0x00000000e3400000|  0%| F|  |TAMS 0x00000000e3300000| PB 0x00000000e3300000| Untracked 
|  52|0x00000000e3400000, 0x00000000e3400000, 0x00000000e3500000|  0%| F|  |TAMS 0x00000000e3400000| PB 0x00000000e3400000| Untracked 
|  53|0x00000000e3500000, 0x00000000e3500000, 0x00000000e3600000|  0%| F|  |TAMS 0x00000000e3500000| PB 0x00000000e3500000| Untracked 
|  54|0x00000000e3600000, 0x00000000e3600000, 0x00000000e3700000|  0%| F|  |TAMS 0x00000000e3600000| PB 0x00000000e3600000| Untracked 
|  55|0x00000000e3700000, 0x00000000e3700000, 0x00000000e3800000|  0%| F|  |TAMS 0x00000000e3700000| PB 0x00000000e3700000| Untracked 
|  56|0x00000000e3800000, 0x00000000e3800000, 0x00000000e3900000|  0%| F|  |TAMS 0x00000000e3800000| PB 0x00000000e3800000| Untracked 
|  57|0x00000000e3900000, 0x00000000e3900000, 0x00000000e3a00000|  0%| F|  |TAMS 0x00000000e3900000| PB 0x00000000e3900000| Untracked 
|  58|0x00000000e3a00000, 0x00000000e3a00000, 0x00000000e3b00000|  0%| F|  |TAMS 0x00000000e3a00000| PB 0x00000000e3a00000| Untracked 
|  59|0x00000000e3b00000, 0x00000000e3b00000, 0x00000000e3c00000|  0%| F|  |TAMS 0x00000000e3b00000| PB 0x00000000e3b00000| Untracked 
|  60|0x00000000e3c00000, 0x00000000e3c00000, 0x00000000e3d00000|  0%| F|  |TAMS 0x00000000e3c00000| PB 0x00000000e3c00000| Untracked 
|  61|0x00000000e3d00000, 0x00000000e3d00000, 0x00000000e3e00000|  0%| F|  |TAMS 0x00000000e3d00000| PB 0x00000000e3d00000| Untracked 
|  62|0x00000000e3e00000, 0x00000000e3e00000, 0x00000000e3f00000|  0%| F|  |TAMS 0x00000000e3e00000| PB 0x00000000e3e00000| Untracked 
|  63|0x00000000e3f00000, 0x00000000e3f00000, 0x00000000e4000000|  0%| F|  |TAMS 0x00000000e3f00000| PB 0x00000000e3f00000| Untracked 
|  64|0x00000000e4000000, 0x00000000e4000000, 0x00000000e4100000|  0%| F|  |TAMS 0x00000000e4000000| PB 0x00000000e4000000| Untracked 
|  65|0x00000000e4100000, 0x00000000e4100000, 0x00000000e4200000|  0%| F|  |TAMS 0x00000000e4100000| PB 0x00000000e4100000| Untracked 
|  66|0x00000000e4200000, 0x00000000e4200000, 0x00000000e4300000|  0%| F|  |TAMS 0x00000000e4200000| PB 0x00000000e4200000| Untracked 
|  67|0x00000000e4300000, 0x00000000e4300000, 0x00000000e4400000|  0%| F|  |TAMS 0x00000000e4300000| PB 0x00000000e4300000| Untracked 
|  68|0x00000000e4400000, 0x00000000e4400000, 0x00000000e4500000|  0%| F|  |TAMS 0x00000000e4400000| PB 0x00000000e4400000| Untracked 
|  69|0x00000000e4500000, 0x00000000e4500000, 0x00000000e4600000|  0%| F|  |TAMS 0x00000000e4500000| PB 0x00000000e4500000| Untracked 
|  70|0x00000000e4600000, 0x00000000e4600000, 0x00000000e4700000|  0%| F|  |TAMS 0x00000000e4600000| PB 0x00000000e4600000| Untracked 
|  71|0x00000000e4700000, 0x00000000e4700000, 0x00000000e4800000|  0%| F|  |TAMS 0x00000000e4700000| PB 0x00000000e4700000| Untracked 
|  72|0x00000000e4800000, 0x00000000e4800000, 0x00000000e4900000|  0%| F|  |TAMS 0x00000000e4800000| PB 0x00000000e4800000| Untracked 
|  73|0x00000000e4900000, 0x00000000e4900000, 0x00000000e4a00000|  0%| F|  |TAMS 0x00000000e4900000| PB 0x00000000e4900000| Untracked 
|  74|0x00000000e4a00000, 0x00000000e4a00000, 0x00000000e4b00000|  0%| F|  |TAMS 0x00000000e4a00000| PB 0x00000000e4a00000| Untracked 
|  75|0x00000000e4b00000, 0x00000000e4b00000, 0x00000000e4c00000|  0%| F|  |TAMS 0x00000000e4b00000| PB 0x00000000e4b00000| Untracked 
|  76|0x00000000e4c00000, 0x00000000e4c00000, 0x00000000e4d00000|  0%| F|  |TAMS 0x00000000e4c00000| PB 0x00000000e4c00000| Untracked 
|  77|0x00000000e4d00000, 0x00000000e4d00000, 0x00000000e4e00000|  0%| F|  |TAMS 0x00000000e4d00000| PB 0x00000000e4d00000| Untracked 
|  78|0x00000000e4e00000, 0x00000000e4e00000, 0x00000000e4f00000|  0%| F|  |TAMS 0x00000000e4e00000| PB 0x00000000e4e00000| Untracked 
|  79|0x00000000e4f00000, 0x00000000e4f00000, 0x00000000e5000000|  0%| F|  |TAMS 0x00000000e4f00000| PB 0x00000000e4f00000| Untracked 
|  80|0x00000000e5000000, 0x00000000e5000000, 0x00000000e5100000|  0%| F|  |TAMS 0x00000000e5000000| PB 0x00000000e5000000| Untracked 
|  81|0x00000000e5100000, 0x00000000e5100000, 0x00000000e5200000|  0%| F|  |TAMS 0x00000000e5100000| PB 0x00000000e5100000| Untracked 
|  82|0x00000000e5200000, 0x00000000e5200000, 0x00000000e5300000|  0%| F|  |TAMS 0x00000000e5200000| PB 0x00000000e5200000| Untracked 
|  83|0x00000000e5300000, 0x00000000e5300000, 0x00000000e5400000|  0%| F|  |TAMS 0x00000000e5300000| PB 0x00000000e5300000| Untracked 
|  84|0x00000000e5400000, 0x00000000e5400000, 0x00000000e5500000|  0%| F|  |TAMS 0x00000000e5400000| PB 0x00000000e5400000| Untracked 
|  85|0x00000000e5500000, 0x00000000e5500000, 0x00000000e5600000|  0%| F|  |TAMS 0x00000000e5500000| PB 0x00000000e5500000| Untracked 
|  86|0x00000000e5600000, 0x00000000e5600000, 0x00000000e5700000|  0%| F|  |TAMS 0x00000000e5600000| PB 0x00000000e5600000| Untracked 
|  87|0x00000000e5700000, 0x00000000e5700000, 0x00000000e5800000|  0%| F|  |TAMS 0x00000000e5700000| PB 0x00000000e5700000| Untracked 
|  88|0x00000000e5800000, 0x00000000e5800000, 0x00000000e5900000|  0%| F|  |TAMS 0x00000000e5800000| PB 0x00000000e5800000| Untracked 
|  89|0x00000000e5900000, 0x00000000e5900000, 0x00000000e5a00000|  0%| F|  |TAMS 0x00000000e5900000| PB 0x00000000e5900000| Untracked 
|  90|0x00000000e5a00000, 0x00000000e5a00000, 0x00000000e5b00000|  0%| F|  |TAMS 0x00000000e5a00000| PB 0x00000000e5a00000| Untracked 
|  91|0x00000000e5b00000, 0x00000000e5b00000, 0x00000000e5c00000|  0%| F|  |TAMS 0x00000000e5b00000| PB 0x00000000e5b00000| Untracked 
|  92|0x00000000e5c00000, 0x00000000e5c00000, 0x00000000e5d00000|  0%| F|  |TAMS 0x00000000e5c00000| PB 0x00000000e5c00000| Untracked 
|  93|0x00000000e5d00000, 0x00000000e5d00000, 0x00000000e5e00000|  0%| F|  |TAMS 0x00000000e5d00000| PB 0x00000000e5d00000| Untracked 
|  94|0x00000000e5e00000, 0x00000000e5e00000, 0x00000000e5f00000|  0%| F|  |TAMS 0x00000000e5e00000| PB 0x00000000e5e00000| Untracked 
|  95|0x00000000e5f00000, 0x00000000e5f00000, 0x00000000e6000000|  0%| F|  |TAMS 0x00000000e5f00000| PB 0x00000000e5f00000| Untracked 
|  96|0x00000000e6000000, 0x00000000e6000000, 0x00000000e6100000|  0%| F|  |TAMS 0x00000000e6000000| PB 0x00000000e6000000| Untracked 
|  97|0x00000000e6100000, 0x00000000e6100000, 0x00000000e6200000|  0%| F|  |TAMS 0x00000000e6100000| PB 0x00000000e6100000| Untracked 
|  98|0x00000000e6200000, 0x00000000e6200000, 0x00000000e6300000|  0%| F|  |TAMS 0x00000000e6200000| PB 0x00000000e6200000| Untracked 
|  99|0x00000000e6300000, 0x00000000e6300000, 0x00000000e6400000|  0%| F|  |TAMS 0x00000000e6300000| PB 0x00000000e6300000| Untracked 
| 100|0x00000000e6400000, 0x00000000e6400000, 0x00000000e6500000|  0%| F|  |TAMS 0x00000000e6400000| PB 0x00000000e6400000| Untracked 
| 101|0x00000000e6500000, 0x00000000e6500000, 0x00000000e6600000|  0%| F|  |TAMS 0x00000000e6500000| PB 0x00000000e6500000| Untracked 
| 102|0x00000000e6600000, 0x00000000e6600000, 0x00000000e6700000|  0%| F|  |TAMS 0x00000000e6600000| PB 0x00000000e6600000| Untracked 
| 103|0x00000000e6700000, 0x00000000e6700000, 0x00000000e6800000|  0%| F|  |TAMS 0x00000000e6700000| PB 0x00000000e6700000| Untracked 
| 104|0x00000000e6800000, 0x00000000e6800000, 0x00000000e6900000|  0%| F|  |TAMS 0x00000000e6800000| PB 0x00000000e6800000| Untracked 
| 105|0x00000000e6900000, 0x00000000e6900000, 0x00000000e6a00000|  0%| F|  |TAMS 0x00000000e6900000| PB 0x00000000e6900000| Untracked 
| 106|0x00000000e6a00000, 0x00000000e6a00000, 0x00000000e6b00000|  0%| F|  |TAMS 0x00000000e6a00000| PB 0x00000000e6a00000| Untracked 
| 107|0x00000000e6b00000, 0x00000000e6b00000, 0x00000000e6c00000|  0%| F|  |TAMS 0x00000000e6b00000| PB 0x00000000e6b00000| Untracked 
| 108|0x00000000e6c00000, 0x00000000e6c00000, 0x00000000e6d00000|  0%| F|  |TAMS 0x00000000e6c00000| PB 0x00000000e6c00000| Untracked 
| 109|0x00000000e6d00000, 0x00000000e6d00000, 0x00000000e6e00000|  0%| F|  |TAMS 0x00000000e6d00000| PB 0x00000000e6d00000| Untracked 
| 110|0x00000000e6e00000, 0x00000000e6e00000, 0x00000000e6f00000|  0%| F|  |TAMS 0x00000000e6e00000| PB 0x00000000e6e00000| Untracked 
| 111|0x00000000e6f00000, 0x00000000e6f00000, 0x00000000e7000000|  0%| F|  |TAMS 0x00000000e6f00000| PB 0x00000000e6f00000| Untracked 
| 112|0x00000000e7000000, 0x00000000e7000000, 0x00000000e7100000|  0%| F|  |TAMS 0x00000000e7000000| PB 0x00000000e7000000| Untracked 
| 113|0x00000000e7100000, 0x00000000e7100000, 0x00000000e7200000|  0%| F|  |TAMS 0x00000000e7100000| PB 0x00000000e7100000| Untracked 
| 114|0x00000000e7200000, 0x00000000e7200000, 0x00000000e7300000|  0%| F|  |TAMS 0x00000000e7200000| PB 0x00000000e7200000| Untracked 
| 115|0x00000000e7300000, 0x00000000e7300000, 0x00000000e7400000|  0%| F|  |TAMS 0x00000000e7300000| PB 0x00000000e7300000| Untracked 
| 116|0x00000000e7400000, 0x00000000e7400000, 0x00000000e7500000|  0%| F|  |TAMS 0x00000000e7400000| PB 0x00000000e7400000| Untracked 
| 117|0x00000000e7500000, 0x00000000e7500000, 0x00000000e7600000|  0%| F|  |TAMS 0x00000000e7500000| PB 0x00000000e7500000| Untracked 
| 118|0x00000000e7600000, 0x00000000e7600000, 0x00000000e7700000|  0%| F|  |TAMS 0x00000000e7600000| PB 0x00000000e7600000| Untracked 
| 119|0x00000000e7700000, 0x00000000e7700000, 0x00000000e7800000|  0%| F|  |TAMS 0x00000000e7700000| PB 0x00000000e7700000| Untracked 
| 120|0x00000000e7800000, 0x00000000e7800000, 0x00000000e7900000|  0%| F|  |TAMS 0x00000000e7800000| PB 0x00000000e7800000| Untracked 
| 121|0x00000000e7900000, 0x00000000e7900000, 0x00000000e7a00000|  0%| F|  |TAMS 0x00000000e7900000| PB 0x00000000e7900000| Untracked 
| 122|0x00000000e7a00000, 0x00000000e7a00000, 0x00000000e7b00000|  0%| F|  |TAMS 0x00000000e7a00000| PB 0x00000000e7a00000| Untracked 
| 123|0x00000000e7b00000, 0x00000000e7b00000, 0x00000000e7c00000|  0%| F|  |TAMS 0x00000000e7b00000| PB 0x00000000e7b00000| Untracked 
| 124|0x00000000e7c00000, 0x00000000e7c00000, 0x00000000e7d00000|  0%| F|  |TAMS 0x00000000e7c00000| PB 0x00000000e7c00000| Untracked 
| 125|0x00000000e7d00000, 0x00000000e7d00000, 0x00000000e7e00000|  0%| F|  |TAMS 0x00000000e7d00000| PB 0x00000000e7d00000| Untracked 
| 126|0x00000000e7e00000, 0x00000000e7e00000, 0x00000000e7f00000|  0%| F|  |TAMS 0x00000000e7e00000| PB 0x00000000e7e00000| Untracked 
| 127|0x00000000e7f00000, 0x00000000e7f00000, 0x00000000e8000000|  0%| F|  |TAMS 0x00000000e7f00000| PB 0x00000000e7f00000| Untracked 
| 128|0x00000000e8000000, 0x00000000e8000000, 0x00000000e8100000|  0%| F|  |TAMS 0x00000000e8000000| PB 0x00000000e8000000| Untracked 
| 129|0x00000000e8100000, 0x00000000e8100000, 0x00000000e8200000|  0%| F|  |TAMS 0x00000000e8100000| PB 0x00000000e8100000| Untracked 
| 130|0x00000000e8200000, 0x00000000e8200000, 0x00000000e8300000|  0%| F|  |TAMS 0x00000000e8200000| PB 0x00000000e8200000| Untracked 
| 131|0x00000000e8300000, 0x00000000e8300000, 0x00000000e8400000|  0%| F|  |TAMS 0x00000000e8300000| PB 0x00000000e8300000| Untracked 
| 132|0x00000000e8400000, 0x00000000e8400000, 0x00000000e8500000|  0%| F|  |TAMS 0x00000000e8400000| PB 0x00000000e8400000| Untracked 
| 133|0x00000000e8500000, 0x00000000e8500000, 0x00000000e8600000|  0%| F|  |TAMS 0x00000000e8500000| PB 0x00000000e8500000| Untracked 
| 134|0x00000000e8600000, 0x00000000e8600000, 0x00000000e8700000|  0%| F|  |TAMS 0x00000000e8600000| PB 0x00000000e8600000| Untracked 
| 135|0x00000000e8700000, 0x00000000e8700000, 0x00000000e8800000|  0%| F|  |TAMS 0x00000000e8700000| PB 0x00000000e8700000| Untracked 
| 136|0x00000000e8800000, 0x00000000e8800000, 0x00000000e8900000|  0%| F|  |TAMS 0x00000000e8800000| PB 0x00000000e8800000| Untracked 
| 137|0x00000000e8900000, 0x00000000e8900000, 0x00000000e8a00000|  0%| F|  |TAMS 0x00000000e8900000| PB 0x00000000e8900000| Untracked 
| 138|0x00000000e8a00000, 0x00000000e8a00000, 0x00000000e8b00000|  0%| F|  |TAMS 0x00000000e8a00000| PB 0x00000000e8a00000| Untracked 
| 139|0x00000000e8b00000, 0x00000000e8b00000, 0x00000000e8c00000|  0%| F|  |TAMS 0x00000000e8b00000| PB 0x00000000e8b00000| Untracked 
| 140|0x00000000e8c00000, 0x00000000e8c00000, 0x00000000e8d00000|  0%| F|  |TAMS 0x00000000e8c00000| PB 0x00000000e8c00000| Untracked 
| 141|0x00000000e8d00000, 0x00000000e8d00000, 0x00000000e8e00000|  0%| F|  |TAMS 0x00000000e8d00000| PB 0x00000000e8d00000| Untracked 
| 142|0x00000000e8e00000, 0x00000000e8e00000, 0x00000000e8f00000|  0%| F|  |TAMS 0x00000000e8e00000| PB 0x00000000e8e00000| Untracked 
| 143|0x00000000e8f00000, 0x00000000e8f00000, 0x00000000e9000000|  0%| F|  |TAMS 0x00000000e8f00000| PB 0x00000000e8f00000| Untracked 
| 144|0x00000000e9000000, 0x00000000e9000000, 0x00000000e9100000|  0%| F|  |TAMS 0x00000000e9000000| PB 0x00000000e9000000| Untracked 
| 145|0x00000000e9100000, 0x00000000e9100000, 0x00000000e9200000|  0%| F|  |TAMS 0x00000000e9100000| PB 0x00000000e9100000| Untracked 
| 146|0x00000000e9200000, 0x00000000e9200000, 0x00000000e9300000|  0%| F|  |TAMS 0x00000000e9200000| PB 0x00000000e9200000| Untracked 
| 147|0x00000000e9300000, 0x00000000e9300000, 0x00000000e9400000|  0%| F|  |TAMS 0x00000000e9300000| PB 0x00000000e9300000| Untracked 
| 148|0x00000000e9400000, 0x00000000e9400000, 0x00000000e9500000|  0%| F|  |TAMS 0x00000000e9400000| PB 0x00000000e9400000| Untracked 
| 149|0x00000000e9500000, 0x00000000e9500000, 0x00000000e9600000|  0%| F|  |TAMS 0x00000000e9500000| PB 0x00000000e9500000| Untracked 
| 150|0x00000000e9600000, 0x00000000e9600000, 0x00000000e9700000|  0%| F|  |TAMS 0x00000000e9600000| PB 0x00000000e9600000| Untracked 
| 151|0x00000000e9700000, 0x00000000e9700000, 0x00000000e9800000|  0%| F|  |TAMS 0x00000000e9700000| PB 0x00000000e9700000| Untracked 
| 152|0x00000000e9800000, 0x00000000e9800000, 0x00000000e9900000|  0%| F|  |TAMS 0x00000000e9800000| PB 0x00000000e9800000| Untracked 
| 153|0x00000000e9900000, 0x00000000e9900000, 0x00000000e9a00000|  0%| F|  |TAMS 0x00000000e9900000| PB 0x00000000e9900000| Untracked 
| 154|0x00000000e9a00000, 0x00000000e9a00000, 0x00000000e9b00000|  0%| F|  |TAMS 0x00000000e9a00000| PB 0x00000000e9a00000| Untracked 
| 155|0x00000000e9b00000, 0x00000000e9b00000, 0x00000000e9c00000|  0%| F|  |TAMS 0x00000000e9b00000| PB 0x00000000e9b00000| Untracked 
| 156|0x00000000e9c00000, 0x00000000e9c00000, 0x00000000e9d00000|  0%| F|  |TAMS 0x00000000e9c00000| PB 0x00000000e9c00000| Untracked 
| 157|0x00000000e9d00000, 0x00000000e9d00000, 0x00000000e9e00000|  0%| F|  |TAMS 0x00000000e9d00000| PB 0x00000000e9d00000| Untracked 
| 158|0x00000000e9e00000, 0x00000000e9e00000, 0x00000000e9f00000|  0%| F|  |TAMS 0x00000000e9e00000| PB 0x00000000e9e00000| Untracked 
| 159|0x00000000e9f00000, 0x00000000e9f00000, 0x00000000ea000000|  0%| F|  |TAMS 0x00000000e9f00000| PB 0x00000000e9f00000| Untracked 
| 160|0x00000000ea000000, 0x00000000ea000000, 0x00000000ea100000|  0%| F|  |TAMS 0x00000000ea000000| PB 0x00000000ea000000| Untracked 
| 161|0x00000000ea100000, 0x00000000ea100000, 0x00000000ea200000|  0%| F|  |TAMS 0x00000000ea100000| PB 0x00000000ea100000| Untracked 
| 162|0x00000000ea200000, 0x00000000ea200000, 0x00000000ea300000|  0%| F|  |TAMS 0x00000000ea200000| PB 0x00000000ea200000| Untracked 
| 163|0x00000000ea300000, 0x00000000ea300000, 0x00000000ea400000|  0%| F|  |TAMS 0x00000000ea300000| PB 0x00000000ea300000| Untracked 
| 164|0x00000000ea400000, 0x00000000ea400000, 0x00000000ea500000|  0%| F|  |TAMS 0x00000000ea400000| PB 0x00000000ea400000| Untracked 
| 165|0x00000000ea500000, 0x00000000ea500000, 0x00000000ea600000|  0%| F|  |TAMS 0x00000000ea500000| PB 0x00000000ea500000| Untracked 
| 166|0x00000000ea600000, 0x00000000ea600000, 0x00000000ea700000|  0%| F|  |TAMS 0x00000000ea600000| PB 0x00000000ea600000| Untracked 
| 167|0x00000000ea700000, 0x00000000ea700000, 0x00000000ea800000|  0%| F|  |TAMS 0x00000000ea700000| PB 0x00000000ea700000| Untracked 
| 168|0x00000000ea800000, 0x00000000ea800000, 0x00000000ea900000|  0%| F|  |TAMS 0x00000000ea800000| PB 0x00000000ea800000| Untracked 
| 169|0x00000000ea900000, 0x00000000ea900000, 0x00000000eaa00000|  0%| F|  |TAMS 0x00000000ea900000| PB 0x00000000ea900000| Untracked 
| 170|0x00000000eaa00000, 0x00000000eaa00000, 0x00000000eab00000|  0%| F|  |TAMS 0x00000000eaa00000| PB 0x00000000eaa00000| Untracked 
| 171|0x00000000eab00000, 0x00000000eab00000, 0x00000000eac00000|  0%| F|  |TAMS 0x00000000eab00000| PB 0x00000000eab00000| Untracked 
| 172|0x00000000eac00000, 0x00000000eac00000, 0x00000000ead00000|  0%| F|  |TAMS 0x00000000eac00000| PB 0x00000000eac00000| Untracked 
| 173|0x00000000ead00000, 0x00000000ead00000, 0x00000000eae00000|  0%| F|  |TAMS 0x00000000ead00000| PB 0x00000000ead00000| Untracked 
| 174|0x00000000eae00000, 0x00000000eae00000, 0x00000000eaf00000|  0%| F|  |TAMS 0x00000000eae00000| PB 0x00000000eae00000| Untracked 
| 175|0x00000000eaf00000, 0x00000000eaf00000, 0x00000000eb000000|  0%| F|  |TAMS 0x00000000eaf00000| PB 0x00000000eaf00000| Untracked 
| 176|0x00000000eb000000, 0x00000000eb000000, 0x00000000eb100000|  0%| F|  |TAMS 0x00000000eb000000| PB 0x00000000eb000000| Untracked 
| 177|0x00000000eb100000, 0x00000000eb200000, 0x00000000eb200000|100%| E|  |TAMS 0x00000000eb100000| PB 0x00000000eb100000| Complete 
| 178|0x00000000eb200000, 0x00000000eb300000, 0x00000000eb300000|100%| E|CS|TAMS 0x00000000eb200000| PB 0x00000000eb200000| Complete 
| 179|0x00000000eb300000, 0x00000000eb400000, 0x00000000eb400000|100%| E|CS|TAMS 0x00000000eb300000| PB 0x00000000eb300000| Complete 
| 180|0x00000000eb400000, 0x00000000eb500000, 0x00000000eb500000|100%| E|CS|TAMS 0x00000000eb400000| PB 0x00000000eb400000| Complete 
| 181|0x00000000eb500000, 0x00000000eb600000, 0x00000000eb600000|100%| E|CS|TAMS 0x00000000eb500000| PB 0x00000000eb500000| Complete 
| 182|0x00000000eb600000, 0x00000000eb700000, 0x00000000eb700000|100%| E|CS|TAMS 0x00000000eb600000| PB 0x00000000eb600000| Complete 
| 183|0x00000000eb700000, 0x00000000eb800000, 0x00000000eb800000|100%| E|CS|TAMS 0x00000000eb700000| PB 0x00000000eb700000| Complete 
| 184|0x00000000eb800000, 0x00000000eb900000, 0x00000000eb900000|100%| E|CS|TAMS 0x00000000eb800000| PB 0x00000000eb800000| Complete 
| 185|0x00000000eb900000, 0x00000000eba00000, 0x00000000eba00000|100%| E|CS|TAMS 0x00000000eb900000| PB 0x00000000eb900000| Complete 
| 186|0x00000000eba00000, 0x00000000ebb00000, 0x00000000ebb00000|100%| E|CS|TAMS 0x00000000eba00000| PB 0x00000000eba00000| Complete 
| 187|0x00000000ebb00000, 0x00000000ebc00000, 0x00000000ebc00000|100%| E|CS|TAMS 0x00000000ebb00000| PB 0x00000000ebb00000| Complete 
| 188|0x00000000ebc00000, 0x00000000ebd00000, 0x00000000ebd00000|100%| E|CS|TAMS 0x00000000ebc00000| PB 0x00000000ebc00000| Complete 
| 189|0x00000000ebd00000, 0x00000000ebe00000, 0x00000000ebe00000|100%| E|CS|TAMS 0x00000000ebd00000| PB 0x00000000ebd00000| Complete 
| 190|0x00000000ebe00000, 0x00000000ebf00000, 0x00000000ebf00000|100%| E|CS|TAMS 0x00000000ebe00000| PB 0x00000000ebe00000| Complete 
| 191|0x00000000ebf00000, 0x00000000ec000000, 0x00000000ec000000|100%| E|CS|TAMS 0x00000000ebf00000| PB 0x00000000ebf00000| Complete 
| 192|0x00000000ec000000, 0x00000000ec100000, 0x00000000ec100000|100%| E|CS|TAMS 0x00000000ec000000| PB 0x00000000ec000000| Complete 
| 193|0x00000000ec100000, 0x00000000ec200000, 0x00000000ec200000|100%| E|CS|TAMS 0x00000000ec100000| PB 0x00000000ec100000| Complete 
| 194|0x00000000ec200000, 0x00000000ec300000, 0x00000000ec300000|100%| E|CS|TAMS 0x00000000ec200000| PB 0x00000000ec200000| Complete 
| 195|0x00000000ec300000, 0x00000000ec400000, 0x00000000ec400000|100%| E|CS|TAMS 0x00000000ec300000| PB 0x00000000ec300000| Complete 
| 196|0x00000000ec400000, 0x00000000ec500000, 0x00000000ec500000|100%| E|CS|TAMS 0x00000000ec400000| PB 0x00000000ec400000| Complete 
| 197|0x00000000ec500000, 0x00000000ec600000, 0x00000000ec600000|100%| E|CS|TAMS 0x00000000ec500000| PB 0x00000000ec500000| Complete 
| 198|0x00000000ec600000, 0x00000000ec700000, 0x00000000ec700000|100%| E|CS|TAMS 0x00000000ec600000| PB 0x00000000ec600000| Complete 
| 199|0x00000000ec700000, 0x00000000ec800000, 0x00000000ec800000|100%| E|CS|TAMS 0x00000000ec700000| PB 0x00000000ec700000| Complete 
| 200|0x00000000ec800000, 0x00000000ec900000, 0x00000000ec900000|100%| E|CS|TAMS 0x00000000ec800000| PB 0x00000000ec800000| Complete 
| 201|0x00000000ec900000, 0x00000000eca00000, 0x00000000eca00000|100%| E|CS|TAMS 0x00000000ec900000| PB 0x00000000ec900000| Complete 
| 202|0x00000000eca00000, 0x00000000ecb00000, 0x00000000ecb00000|100%| E|CS|TAMS 0x00000000eca00000| PB 0x00000000eca00000| Complete 
| 203|0x00000000ecb00000, 0x00000000ecc00000, 0x00000000ecc00000|100%| E|CS|TAMS 0x00000000ecb00000| PB 0x00000000ecb00000| Complete 
| 204|0x00000000ecc00000, 0x00000000ecd00000, 0x00000000ecd00000|100%| E|CS|TAMS 0x00000000ecc00000| PB 0x00000000ecc00000| Complete 
| 205|0x00000000ecd00000, 0x00000000ece00000, 0x00000000ece00000|100%| E|CS|TAMS 0x00000000ecd00000| PB 0x00000000ecd00000| Complete 
| 206|0x00000000ece00000, 0x00000000ecf00000, 0x00000000ecf00000|100%| E|CS|TAMS 0x00000000ece00000| PB 0x00000000ece00000| Complete 
| 207|0x00000000ecf00000, 0x00000000ed000000, 0x00000000ed000000|100%| E|CS|TAMS 0x00000000ecf00000| PB 0x00000000ecf00000| Complete 
| 208|0x00000000ed000000, 0x00000000ed100000, 0x00000000ed100000|100%| E|CS|TAMS 0x00000000ed000000| PB 0x00000000ed000000| Complete 
| 209|0x00000000ed100000, 0x00000000ed200000, 0x00000000ed200000|100%| E|CS|TAMS 0x00000000ed100000| PB 0x00000000ed100000| Complete 
| 210|0x00000000ed200000, 0x00000000ed300000, 0x00000000ed300000|100%| E|CS|TAMS 0x00000000ed200000| PB 0x00000000ed200000| Complete 
| 211|0x00000000ed300000, 0x00000000ed400000, 0x00000000ed400000|100%| E|CS|TAMS 0x00000000ed300000| PB 0x00000000ed300000| Complete 
| 212|0x00000000ed400000, 0x00000000ed500000, 0x00000000ed500000|100%| E|  |TAMS 0x00000000ed400000| PB 0x00000000ed400000| Complete 
| 213|0x00000000ed500000, 0x00000000ed600000, 0x00000000ed600000|100%| E|CS|TAMS 0x00000000ed500000| PB 0x00000000ed500000| Complete 
| 214|0x00000000ed600000, 0x00000000ed700000, 0x00000000ed700000|100%| E|CS|TAMS 0x00000000ed600000| PB 0x00000000ed600000| Complete 
| 215|0x00000000ed700000, 0x00000000ed800000, 0x00000000ed800000|100%| E|CS|TAMS 0x00000000ed700000| PB 0x00000000ed700000| Complete 
| 216|0x00000000ed800000, 0x00000000ed900000, 0x00000000ed900000|100%| E|CS|TAMS 0x00000000ed800000| PB 0x00000000ed800000| Complete 
| 217|0x00000000ed900000, 0x00000000eda00000, 0x00000000eda00000|100%| E|CS|TAMS 0x00000000ed900000| PB 0x00000000ed900000| Complete 
| 218|0x00000000eda00000, 0x00000000edb00000, 0x00000000edb00000|100%| E|CS|TAMS 0x00000000eda00000| PB 0x00000000eda00000| Complete 
| 219|0x00000000edb00000, 0x00000000edc00000, 0x00000000edc00000|100%| E|CS|TAMS 0x00000000edb00000| PB 0x00000000edb00000| Complete 
| 220|0x00000000edc00000, 0x00000000edd00000, 0x00000000edd00000|100%| E|CS|TAMS 0x00000000edc00000| PB 0x00000000edc00000| Complete 
| 221|0x00000000edd00000, 0x00000000ede00000, 0x00000000ede00000|100%| E|CS|TAMS 0x00000000edd00000| PB 0x00000000edd00000| Complete 
| 222|0x00000000ede00000, 0x00000000edf00000, 0x00000000edf00000|100%| E|CS|TAMS 0x00000000ede00000| PB 0x00000000ede00000| Complete 
| 223|0x00000000edf00000, 0x00000000ee000000, 0x00000000ee000000|100%| E|CS|TAMS 0x00000000edf00000| PB 0x00000000edf00000| Complete 
| 224|0x00000000ee000000, 0x00000000ee100000, 0x00000000ee100000|100%| E|CS|TAMS 0x00000000ee000000| PB 0x00000000ee000000| Complete 
| 225|0x00000000ee100000, 0x00000000ee200000, 0x00000000ee200000|100%| S|CS|TAMS 0x00000000ee100000| PB 0x00000000ee100000| Complete 
| 226|0x00000000ee200000, 0x00000000ee300000, 0x00000000ee300000|100%| S|CS|TAMS 0x00000000ee200000| PB 0x00000000ee200000| Complete 
| 227|0x00000000ee300000, 0x00000000ee400000, 0x00000000ee400000|100%| S|CS|TAMS 0x00000000ee300000| PB 0x00000000ee300000| Complete 
| 228|0x00000000ee400000, 0x00000000ee500000, 0x00000000ee500000|100%| S|CS|TAMS 0x00000000ee400000| PB 0x00000000ee400000| Complete 
| 229|0x00000000ee500000, 0x00000000ee600000, 0x00000000ee600000|100%| E|CS|TAMS 0x00000000ee500000| PB 0x00000000ee500000| Complete 
| 230|0x00000000ee600000, 0x00000000ee700000, 0x00000000ee700000|100%| E|CS|TAMS 0x00000000ee600000| PB 0x00000000ee600000| Complete 
| 231|0x00000000ee700000, 0x00000000ee800000, 0x00000000ee800000|100%| E|CS|TAMS 0x00000000ee700000| PB 0x00000000ee700000| Complete 
| 232|0x00000000ee800000, 0x00000000ee900000, 0x00000000ee900000|100%| E|CS|TAMS 0x00000000ee800000| PB 0x00000000ee800000| Complete 
| 233|0x00000000ee900000, 0x00000000eea00000, 0x00000000eea00000|100%| E|CS|TAMS 0x00000000ee900000| PB 0x00000000ee900000| Complete 
| 234|0x00000000eea00000, 0x00000000eeb00000, 0x00000000eeb00000|100%| E|CS|TAMS 0x00000000eea00000| PB 0x00000000eea00000| Complete 
| 235|0x00000000eeb00000, 0x00000000eec00000, 0x00000000eec00000|100%| E|CS|TAMS 0x00000000eeb00000| PB 0x00000000eeb00000| Complete 
| 236|0x00000000eec00000, 0x00000000eed00000, 0x00000000eed00000|100%| E|CS|TAMS 0x00000000eec00000| PB 0x00000000eec00000| Complete 
| 237|0x00000000eed00000, 0x00000000eee00000, 0x00000000eee00000|100%| E|CS|TAMS 0x00000000eed00000| PB 0x00000000eed00000| Complete 
| 238|0x00000000eee00000, 0x00000000eef00000, 0x00000000eef00000|100%| E|CS|TAMS 0x00000000eee00000| PB 0x00000000eee00000| Complete 
| 239|0x00000000eef00000, 0x00000000ef000000, 0x00000000ef000000|100%| E|CS|TAMS 0x00000000eef00000| PB 0x00000000eef00000| Complete 
| 240|0x00000000ef000000, 0x00000000ef100000, 0x00000000ef100000|100%| E|CS|TAMS 0x00000000ef000000| PB 0x00000000ef000000| Complete 
| 241|0x00000000ef100000, 0x00000000ef200000, 0x00000000ef200000|100%| E|CS|TAMS 0x00000000ef100000| PB 0x00000000ef100000| Complete 
| 242|0x00000000ef200000, 0x00000000ef300000, 0x00000000ef300000|100%| E|CS|TAMS 0x00000000ef200000| PB 0x00000000ef200000| Complete 
| 243|0x00000000ef300000, 0x00000000ef400000, 0x00000000ef400000|100%| E|CS|TAMS 0x00000000ef300000| PB 0x00000000ef300000| Complete 
| 244|0x00000000ef400000, 0x00000000ef500000, 0x00000000ef500000|100%| E|CS|TAMS 0x00000000ef400000| PB 0x00000000ef400000| Complete 
| 245|0x00000000ef500000, 0x00000000ef600000, 0x00000000ef600000|100%| E|CS|TAMS 0x00000000ef500000| PB 0x00000000ef500000| Complete 
| 246|0x00000000ef600000, 0x00000000ef700000, 0x00000000ef700000|100%| E|CS|TAMS 0x00000000ef600000| PB 0x00000000ef600000| Complete 
| 247|0x00000000ef700000, 0x00000000ef800000, 0x00000000ef800000|100%| E|CS|TAMS 0x00000000ef700000| PB 0x00000000ef700000| Complete 
| 248|0x00000000ef800000, 0x00000000ef900000, 0x00000000ef900000|100%| E|CS|TAMS 0x00000000ef800000| PB 0x00000000ef800000| Complete 
| 249|0x00000000ef900000, 0x00000000efa00000, 0x00000000efa00000|100%| E|CS|TAMS 0x00000000ef900000| PB 0x00000000ef900000| Complete 
| 250|0x00000000efa00000, 0x00000000efb00000, 0x00000000efb00000|100%| E|CS|TAMS 0x00000000efa00000| PB 0x00000000efa00000| Complete 
| 251|0x00000000efb00000, 0x00000000efc00000, 0x00000000efc00000|100%| E|CS|TAMS 0x00000000efb00000| PB 0x00000000efb00000| Complete 
| 252|0x00000000efc00000, 0x00000000efd00000, 0x00000000efd00000|100%| E|CS|TAMS 0x00000000efc00000| PB 0x00000000efc00000| Complete 
| 253|0x00000000efd00000, 0x00000000efe00000, 0x00000000efe00000|100%| E|CS|TAMS 0x00000000efd00000| PB 0x00000000efd00000| Complete 
| 254|0x00000000efe00000, 0x00000000eff00000, 0x00000000eff00000|100%| E|CS|TAMS 0x00000000efe00000| PB 0x00000000efe00000| Complete 
| 255|0x00000000eff00000, 0x00000000f0000000, 0x00000000f0000000|100%| E|CS|TAMS 0x00000000eff00000| PB 0x00000000eff00000| Complete 

Card table byte_map: [0x000002b69bf80000,0x000002b69c080000] _byte_map_base: 0x000002b69b880000

Marking Bits: (CMBitMap*) 0x000002b689da7790
 Bits: [0x000002b69c080000, 0x000002b69c880000)

Polling page: 0x000002b687c40000

Metaspace:

Usage:
  Non-class:      8.94 MB used.
      Class:      1.39 MB used.
       Both:     10.33 MB used.

Virtual space:
  Non-class space:       64.00 MB reserved,       9.12 MB ( 14%) committed,  1 nodes.
      Class space:      320.00 MB reserved,       1.56 MB ( <1%) committed,  1 nodes.
             Both:      384.00 MB reserved,      10.69 MB (  3%) committed. 

Chunk freelists:
   Non-Class:  6.41 MB
       Class:  14.45 MB
        Both:  20.86 MB

MaxMetaspaceSize: 384.00 MB
CompressedClassSpaceSize: 320.00 MB
Initial GC threshold: 21.00 MB
Current GC threshold: 21.00 MB
CDS: on
 - commit_granule_bytes: 65536.
 - commit_granule_words: 8192.
 - virtual_space_node_default_size: 8388608.
 - enlarge_chunks_in_place: 1.
 - use_allocation_guard: 0.


Internal statistics:

num_allocs_failed_limit: 0.
num_arena_births: 294.
num_arena_deaths: 0.
num_vsnodes_births: 2.
num_vsnodes_deaths: 0.
num_space_committed: 171.
num_space_uncommitted: 0.
num_chunks_returned_to_freelist: 0.
num_chunks_taken_from_freelist: 604.
num_chunk_merges: 0.
num_chunk_splits: 387.
num_chunks_enlarged: 264.
num_inconsistent_stats: 0.

CodeHeap 'non-profiled nmethods': size=120000Kb used=1120Kb max_used=1120Kb free=118879Kb
 bounds [0x000002b694a50000, 0x000002b694cc0000, 0x000002b69bf80000]
CodeHeap 'profiled nmethods': size=120000Kb used=4723Kb max_used=4723Kb free=115276Kb
 bounds [0x000002b68cf80000, 0x000002b68d420000, 0x000002b6944b0000]
CodeHeap 'non-nmethods': size=5760Kb used=1372Kb max_used=1377Kb free=4387Kb
 bounds [0x000002b6944b0000, 0x000002b694720000, 0x000002b694a50000]
CodeCache: size=245760Kb, used=7215Kb, max_used=7220Kb, free=238542Kb
 total_blobs=2968, nmethods=2434, adapters=438, full_count=0
Compilation: enabled, stopped_count=0, restarted_count=0

Compilation events (20 events):
Event: 111.558 Thread 0x000002b6b805b010 nmethod 2433 0x000002b68d416a10 code [0x000002b68d416ba0, 0x000002b68d416ca8]
Event: 111.558 Thread 0x000002b6b805b010 2434       3       java.lang.WeakPairMap::get (17 bytes)
Event: 111.559 Thread 0x000002b6b805b010 nmethod 2434 0x000002b68d416d10 code [0x000002b68d416f80, 0x000002b68d417a68]
Event: 111.560 Thread 0x000002b69eeb6630 2435       4       java.util.HashMap::putVal (300 bytes)
Event: 111.560 Thread 0x000002b6b805b010 2436       3       java.lang.Module::implIsExportedOrOpen (92 bytes)
Event: 111.561 Thread 0x000002b6b805b010 nmethod 2436 0x000002b68d417e90 code [0x000002b68d4180c0, 0x000002b68d4187a8]
Event: 111.561 Thread 0x000002b6b805b010 2437       1       java.lang.reflect.Field::getModifiers (5 bytes)
Event: 111.561 Thread 0x000002b6b805b010 nmethod 2437 0x000002b694b67f10 code [0x000002b694b680a0, 0x000002b694b68168]
Event: 111.561 Thread 0x000002b6b805b010 2438       3       java.lang.reflect.AccessibleObject::setAccessible0 (7 bytes)
Event: 111.561 Thread 0x000002b6b805b010 nmethod 2438 0x000002b68d418990 code [0x000002b68d418b20, 0x000002b68d418c38]
Event: 111.581 Thread 0x000002b6b805b010 2440       3       java.lang.management.ManagementFactory$$Lambda/0x000002b6a0073770::apply (12 bytes)
Event: 111.581 Thread 0x000002b6b805b010 nmethod 2440 0x000002b68d418d10 code [0x000002b68d418ee0, 0x000002b68d4192f0]
Event: 111.581 Thread 0x000002b6b805b010 2441       3       java.lang.management.ManagementFactory::lambda$getPlatformMXBeans$3 (13 bytes)
Event: 111.582 Thread 0x000002b6b805b010 nmethod 2441 0x000002b68d419410 code [0x000002b68d4195e0, 0x000002b68d419860]
Event: 111.582 Thread 0x000002b6b805b010 2442       3       sun.management.spi.PlatformMBeanProvider$PlatformComponent::getMBeans (87 bytes)
Event: 111.584 Thread 0x000002b6b805b010 nmethod 2442 0x000002b68d419990 code [0x000002b68d419d20, 0x000002b68d41b5e8]
Event: 111.584 Thread 0x000002b6b805b010 2443       3       java.util.stream.ReferencePipeline$Head::forEach (26 bytes)
Event: 111.586 Thread 0x000002b6b805b010 nmethod 2443 0x000002b68d41bd10 code [0x000002b68d41bf00, 0x000002b68d41c2b8]
Event: 111.586 Thread 0x000002b6b805b010 2444       3       java.util.stream.AbstractPipeline::sourceStageSpliterator (112 bytes)
Event: 111.587 Thread 0x000002b6b805b010 nmethod 2444 0x000002b68d41c410 code [0x000002b68d41c640, 0x000002b68d41cd30]

GC Heap History (4 events):
Event: 16.307 GC heap before
{Heap before GC invocations=0 (full 0):
 garbage-first heap   total 262144K, used 13312K [0x00000000e0000000, 0x0000000100000000)
  region size 1024K, 13 young (13312K), 0 survivors (0K)
 Metaspace       used 822K, committed 960K, reserved 393216K
  class space    used 70K, committed 128K, reserved 327680K
}
Event: 18.597 GC heap after
{Heap after GC invocations=1 (full 0):
 garbage-first heap   total 262144K, used 1280K [0x00000000e0000000, 0x0000000100000000)
  region size 1024K, 2 young (2048K), 2 survivors (2048K)
 Metaspace       used 822K, committed 960K, reserved 393216K
  class space    used 70K, committed 128K, reserved 327680K
}
Event: 42.781 GC heap before
{Heap before GC invocations=1 (full 0):
 garbage-first heap   total 262144K, used 29952K [0x00000000e0000000, 0x0000000100000000)
  region size 1024K, 27 young (27648K), 2 survivors (2048K)
 Metaspace       used 4246K, committed 4416K, reserved 393216K
  class space    used 546K, committed 640K, reserved 327680K
}
Event: 42.796 GC heap after
{Heap after GC invocations=2 (full 0):
 garbage-first heap   total 262144K, used 11554K [0x00000000e0000000, 0x0000000100000000)
  region size 1024K, 4 young (4096K), 4 survivors (4096K)
 Metaspace       used 4246K, committed 4416K, reserved 393216K
  class space    used 546K, committed 640K, reserved 327680K
}

Dll operation events (14 events):
Event: 0.030 Loaded shared library C:\Users\Atif\.vscode\extensions\redhat.java-1.54.0-win32-x64\jre\21.0.10-win32-x86_64\bin\java.dll
Event: 3.090 Loaded shared library C:\Users\Atif\.vscode\extensions\redhat.java-1.54.0-win32-x64\jre\21.0.10-win32-x86_64\bin\zip.dll
Event: 3.632 Loaded shared library C:\Users\Atif\.vscode\extensions\redhat.java-1.54.0-win32-x64\jre\21.0.10-win32-x86_64\bin\instrument.dll
Event: 3.924 Loaded shared library C:\Users\Atif\.vscode\extensions\redhat.java-1.54.0-win32-x64\jre\21.0.10-win32-x86_64\bin\net.dll
Event: 3.927 Loaded shared library C:\Users\Atif\.vscode\extensions\redhat.java-1.54.0-win32-x64\jre\21.0.10-win32-x86_64\bin\nio.dll
Event: 4.144 Loaded shared library C:\Users\Atif\.vscode\extensions\redhat.java-1.54.0-win32-x64\jre\21.0.10-win32-x86_64\bin\zip.dll
Event: 20.779 Loaded shared library C:\Users\Atif\.vscode\extensions\redhat.java-1.54.0-win32-x64\jre\21.0.10-win32-x86_64\bin\jimage.dll
Event: 26.184 Loaded shared library C:\Users\Atif\.vscode\extensions\redhat.java-1.54.0-win32-x64\jre\21.0.10-win32-x86_64\bin\verify.dll
Event: 31.098 Loaded shared library C:\Users\Atif\.gradle\native\c067742578af261105cb4f569cf0c3c89f3d7b1fecec35dd04571415982c5e48\windows-amd64\native-platform.dll
Event: 31.107 Loaded shared library C:\Users\Atif\.gradle\native\100fb08df4bc3b14c8652ba06237920a3bd2aa13389f12d3474272988ae205f9\windows-amd64\native-platform-file-events.dll
Event: 84.271 Loaded shared library C:\Users\Atif\.vscode\extensions\redhat.java-1.54.0-win32-x64\jre\21.0.10-win32-x86_64\bin\management.dll
Event: 84.800 Loaded shared library C:\Users\Atif\.vscode\extensions\redhat.java-1.54.0-win32-x64\jre\21.0.10-win32-x86_64\bin\management_ext.dll
Event: 96.594 Loaded shared library C:\Users\Atif\.vscode\extensions\redhat.java-1.54.0-win32-x64\jre\21.0.10-win32-x86_64\bin\extnet.dll
Event: 107.507 Loaded shared library C:\Users\Atif\.vscode\extensions\redhat.java-1.54.0-win32-x64\jre\21.0.10-win32-x86_64\bin\sunmscapi.dll

Deoptimization events (20 events):
Event: 109.463 Thread 0x000002b6b95944d0 Uncommon trap: trap_request=0xffffffde fr.pc=0x000002b694b1c314 relative=0x0000000000000334
Event: 109.463 Thread 0x000002b6b95944d0 Uncommon trap: reason=class_check action=maybe_recompile pc=0x000002b694b1c314 method=java.util.regex.Pattern$BmpCharPropertyGreedy.match(Ljava/util/regex/Matcher;ILjava/lang/CharSequence;)Z @ 26 c2
Event: 109.463 Thread 0x000002b6b95944d0 DEOPT PACKING pc=0x000002b694b1c314 sp=0x000000f7e64fdac0
Event: 109.463 Thread 0x000002b6b95944d0 DEOPT UNPACKING pc=0x000002b694504422 sp=0x000000f7e64fda78 mode 2
Event: 109.463 Thread 0x000002b6b95944d0 Uncommon trap: trap_request=0xffffffde fr.pc=0x000002b694b1c314 relative=0x0000000000000334
Event: 109.463 Thread 0x000002b6b95944d0 Uncommon trap: reason=class_check action=maybe_recompile pc=0x000002b694b1c314 method=java.util.regex.Pattern$BmpCharPropertyGreedy.match(Ljava/util/regex/Matcher;ILjava/lang/CharSequence;)Z @ 26 c2
Event: 109.463 Thread 0x000002b6b95944d0 DEOPT PACKING pc=0x000002b694b1c314 sp=0x000000f7e64fd7b0
Event: 109.463 Thread 0x000002b6b95944d0 DEOPT UNPACKING pc=0x000002b694504422 sp=0x000000f7e64fd748 mode 2
Event: 111.486 Thread 0x000002b6b9812c40 Uncommon trap: trap_request=0xffffff6e fr.pc=0x000002b694b11764 relative=0x0000000000000424
Event: 111.486 Thread 0x000002b6b9812c40 Uncommon trap: reason=loop_limit_check action=maybe_recompile pc=0x000002b694b11764 method=java.lang.StringLatin1.indexOf([BI[BII)I @ 37 c2
Event: 111.486 Thread 0x000002b6b9812c40 DEOPT PACKING pc=0x000002b694b11764 sp=0x000000f7e66fee30
Event: 111.486 Thread 0x000002b6b9812c40 DEOPT UNPACKING pc=0x000002b694504422 sp=0x000000f7e66fedb8 mode 2
Event: 111.542 Thread 0x000002b6b9812c40 Uncommon trap: trap_request=0xffffffc6 fr.pc=0x000002b694b5c598 relative=0x0000000000000838
Event: 111.542 Thread 0x000002b6b9812c40 Uncommon trap: reason=bimorphic_or_optimized_type_check action=maybe_recompile pc=0x000002b694b5c598 method=java.util.HashMap.putVal(ILjava/lang/Object;Ljava/lang/Object;ZZ)Ljava/lang/Object; @ 253 c2
Event: 111.542 Thread 0x000002b6b9812c40 DEOPT PACKING pc=0x000002b694b5c598 sp=0x000000f7e66feb90
Event: 111.542 Thread 0x000002b6b9812c40 DEOPT UNPACKING pc=0x000002b694504422 sp=0x000000f7e66feb30 mode 2
Event: 111.544 Thread 0x000002b6b9812c40 Uncommon trap: trap_request=0xffffffc6 fr.pc=0x000002b694b5c598 relative=0x0000000000000838
Event: 111.544 Thread 0x000002b6b9812c40 Uncommon trap: reason=bimorphic_or_optimized_type_check action=maybe_recompile pc=0x000002b694b5c598 method=java.util.HashMap.putVal(ILjava/lang/Object;Ljava/lang/Object;ZZ)Ljava/lang/Object; @ 253 c2
Event: 111.544 Thread 0x000002b6b9812c40 DEOPT PACKING pc=0x000002b694b5c598 sp=0x000000f7e66fec80
Event: 111.544 Thread 0x000002b6b9812c40 DEOPT UNPACKING pc=0x000002b694504422 sp=0x000000f7e66fec20 mode 2

Classes loaded (20 events):
Event: 107.968 Loading class java/nio/channels/SelectionKey
Event: 107.968 Loading class java/nio/channels/SelectionKey done
Event: 107.968 Loading class java/nio/channels/spi/AbstractSelectionKey done
Event: 107.968 Loading class sun/nio/ch/SelectionKeyImpl done
Event: 107.968 Loading class java/lang/invoke/ConstantBootstraps
Event: 107.969 Loading class java/lang/invoke/ConstantBootstraps done
Event: 108.914 Loading class java/nio/channels/spi/AbstractSelector$1
Event: 108.914 Loading class java/nio/channels/spi/AbstractSelector$1 done
Event: 111.483 Loading class java/util/Collections$UnmodifiableMap$UnmodifiableEntrySet
Event: 111.484 Loading class java/util/Collections$UnmodifiableMap$UnmodifiableEntrySet done
Event: 111.484 Loading class java/util/Collections$UnmodifiableMap$UnmodifiableEntrySet$1
Event: 111.484 Loading class java/util/Collections$UnmodifiableMap$UnmodifiableEntrySet$1 done
Event: 111.484 Loading class java/util/Collections$UnmodifiableMap$UnmodifiableEntrySet$UnmodifiableEntry
Event: 111.484 Loading class java/util/Collections$UnmodifiableMap$UnmodifiableEntrySet$UnmodifiableEntry done
Event: 111.543 Loading class java/lang/invoke/DirectMethodHandle$StaticAccessor
Event: 111.543 Loading class java/lang/invoke/DirectMethodHandle$StaticAccessor done
Event: 111.570 Loading class java/util/concurrent/CountDownLatch
Event: 111.572 Loading class java/util/concurrent/CountDownLatch done
Event: 111.573 Loading class java/util/concurrent/CountDownLatch$Sync
Event: 111.573 Loading class java/util/concurrent/CountDownLatch$Sync done

Classes unloaded (0 events):
No events

Classes redefined (0 events):
No events

Internal exceptions (20 events):
Event: 41.749 Thread 0x000002b689d7fab0 Exception <a 'java/lang/NoSuchMethodError'{0x00000000ee621090}: 'void java.lang.invoke.DirectMethodHandle$Holder.invokeInterface(java.lang.Object, java.lang.Object, java.lang.Object)'> (0x00000000ee621090) 
thrown [s\src\hotspot\share\interpreter\linkResolver.cpp, line 773]
Event: 69.449 Thread 0x000002b689d7fab0 Exception <a 'java/lang/NoSuchMethodError'{0x00000000ecd585c0}: 'void java.lang.invoke.DirectMethodHandle$Holder.invokeVirtual(java.lang.Object, java.lang.Object, java.lang.Object, java.lang.Object)'> (0x00000000ecd585c0) 
thrown [s\src\hotspot\share\interpreter\linkResolver.cpp, line 773]
Event: 69.455 Thread 0x000002b689d7fab0 Exception <a 'java/lang/NoSuchMethodError'{0x00000000ecd5c330}: 'void java.lang.invoke.DirectMethodHandle$Holder.invokeSpecial(java.lang.Object, java.lang.Object, java.lang.Object, java.lang.Object, java.lang.Object)'> (0x00000000ecd5c330) 
thrown [s\src\hotspot\share\interpreter\linkResolver.cpp, line 773]
Event: 78.244 Thread 0x000002b689d7fab0 Exception <a 'java/lang/NoSuchMethodError'{0x00000000ec673fe0}: 'int java.lang.invoke.DelegatingMethodHandle$Holder.reinvoke_L(java.lang.Object)'> (0x00000000ec673fe0) 
thrown [s\src\hotspot\share\interpreter\linkResolver.cpp, line 773]
Event: 83.295 Thread 0x000002b689d7fab0 Exception <a 'java/lang/NoSuchMethodError'{0x00000000ec318968}: 'java.lang.Object java.lang.invoke.DirectMethodHandle$Holder.invokeVirtual(java.lang.Object, java.lang.Object, java.lang.Object, java.lang.Object, java.lang.Object, java.lang.Object)'> (0x00000000ec318968) 
thrown [s\src\hotspot\share\interpreter\linkResolver.cpp, line 773]
Event: 85.389 Thread 0x000002b689d7fab0 Exception <a 'java/lang/NoSuchMethodError'{0x00000000ec26f888}: 'java.lang.Object java.lang.invoke.DirectMethodHandle$Holder.invokeInterface(java.lang.Object, java.lang.Object)'> (0x00000000ec26f888) 
thrown [s\src\hotspot\share\interpreter\linkResolver.cpp, line 773]
Event: 85.542 Thread 0x000002b689d7fab0 Exception <a 'java/lang/NoSuchMethodError'{0x00000000ec2b42f0}: 'java.lang.Object java.lang.invoke.DirectMethodHandle$Holder.invokeVirtual(java.lang.Object, java.lang.Object, java.lang.Object, java.lang.Object, java.lang.Object)'> (0x00000000ec2b42f0) 
thrown [s\src\hotspot\share\interpreter\linkResolver.cpp, line 773]
Event: 85.546 Thread 0x000002b689d7fab0 Exception <a 'java/lang/NoSuchMethodError'{0x00000000ec2c74e0}: 'java.lang.Object java.lang.invoke.Invokers$Holder.invokeExact_MT(java.lang.Object, java.lang.Object, java.lang.Object, java.lang.Object, java.lang.Object, java.lang.Object)'> (0x00000000ec2c74e0) 
thrown [s\src\hotspot\share\interpreter\linkResolver.cpp, line 773]
Event: 86.604 Thread 0x000002b689d7fab0 Exception <a 'java/lang/NoSuchMethodError'{0x00000000ec15e6d8}: 'java.lang.Object java.lang.invoke.DelegatingMethodHandle$Holder.reinvoke_L(java.lang.Object, java.lang.Object, java.lang.Object, java.lang.Object, java.lang.Object, java.lang.Object, java.lang.Object, java.lang.Object, java.lang.Object, java.lang.Object, java.lang.Object, java.lang.Object, java.lang.Object, java.lang.Object)'> (0x00000000ec15e6d8) 
thrown [s\src\hotspot\share\interpreter\linkResolver.cpp, line 773]
Event: 87.421 Thread 0x000002b689d7fab0 Exception <a 'java/lang/NoSuchMethodError'{0x00000000ec1ab580}: 'java.lang.Object java.lang.invoke.DirectMethodHandle$Holder.invokeStatic(java.lang.Object, java.lang.Object, java.lang.Object, java.lang.Object, java.lang.Object, java.lang.Object, java.lang.Object, java.lang.Object, java.lang.Object, java.lang.Object, java.lang.Object, java.lang.Object, java.lang.Object)'> (0x00000000ec1ab580) 
thrown [s\src\hotspot\share\interpreter\linkResolver.cpp, line 773]
Event: 87.426 Thread 0x000002b689d7fab0 Exception <a 'java/lang/NoSuchMethodError'{0x00000000ec1cab88}: 'java.lang.Object java.lang.invoke.DirectMethodHandle$Holder.invokeStatic(java.lang.Object, java.lang.Object, java.lang.Object, java.lang.Object, java.lang.Object, java.lang.Object, java.lang.Object, java.lang.Object, java.lang.Object, java.lang.Object, java.lang.Object, java.lang.Object, java.lang.Object, java.lang.Object)'> (0x00000000ec1cab88) 
thrown [s\src\hotspot\share\interpreter\linkResolver.cpp, line 773]
Event: 87.434 Thread 0x000002b689d7fab0 Exception <a 'java/lang/NoSuchMethodError'{0x00000000ec004a80}: 'java.lang.Object java.lang.invoke.DirectMethodHandle$Holder.invokeStatic(java.lang.Object, java.lang.Object, java.lang.Object, java.lang.Object, java.lang.Object, java.lang.Object, java.lang.Object, java.lang.Object, java.lang.Object, java.lang.Object, java.lang.Object, java.lang.Object, java.lang.Object, java.lang.Object, java.lang.Object)'> (0x00000000ec004a80) 
thrown [s\src\hotspot\share\interpreter\linkResolver.cpp, line 773]
Event: 87.440 Thread 0x000002b689d7fab0 Exception <a 'java/lang/NoSuchMethodError'{0x00000000ec027650}: 'java.lang.Object java.lang.invoke.DirectMethodHandle$Holder.invokeStatic(java.lang.Object, java.lang.Object, java.lang.Object, java.lang.Object, java.lang.Object, java.lang.Object, java.lang.Object, java.lang.Object, java.lang.Object, java.lang.Object, java.lang.Object, java.lang.Object, java.lang.Object, java.lang.Object, java.lang.Object, java.lang.Object)'> (0x00000000ec027650) 
thrown [s\src\hotspot\share\interpreter\linkResolver.cpp, lin
Event: 90.047 Thread 0x000002b689d7fab0 Exception <a 'java/lang/NoSuchMethodError'{0x00000000ebe614c8}: 'java.lang.Object java.lang.invoke.DirectMethodHandle$Holder.invokeVirtual(java.lang.Object, java.lang.Object, java.lang.Object, java.lang.Object, java.lang.Object, java.lang.Object, java.lang.Object)'> (0x00000000ebe614c8) 
thrown [s\src\hotspot\share\interpreter\linkResolver.cpp, line 773]
Event: 90.082 Thread 0x000002b689d7fab0 Exception <a 'java/lang/NoSuchMethodError'{0x00000000ebeefe98}: 'java.lang.Object java.lang.invoke.DirectMethodHandle$Holder.invokeVirtual(java.lang.Object, java.lang.Object, java.lang.Object, java.lang.Object, java.lang.Object, java.lang.Object, java.lang.Object, java.lang.Object, java.lang.Object)'> (0x00000000ebeefe98) 
thrown [s\src\hotspot\share\interpreter\linkResolver.cpp, line 773]
Event: 93.219 Thread 0x000002b689d7fab0 Exception <a 'java/lang/NoSuchMethodError'{0x00000000ebc84228}: 'java.lang.Object java.lang.invoke.DirectMethodHandle$Holder.invokeStaticInit(java.lang.Object, int, int, int, int)'> (0x00000000ebc84228) 
thrown [s\src\hotspot\share\interpreter\linkResolver.cpp, line 773]
Event: 95.483 Thread 0x000002b689d7fab0 Exception <a 'java/lang/NoSuchMethodError'{0x00000000ebb614b0}: 'java.lang.Object java.lang.invoke.DirectMethodHandle$Holder.invokeStaticInit(java.lang.Object, java.lang.Object, int, int, int, int)'> (0x00000000ebb614b0) 
thrown [s\src\hotspot\share\interpreter\linkResolver.cpp, line 773]
Event: 104.710 Thread 0x000002b689d7fab0 Exception <a 'java/io/IOException'{0x00000000eb72fe10}> (0x00000000eb72fe10) 
thrown [s\src\hotspot\share\prims\jni.cpp, line 520]
Event: 104.748 Thread 0x000002b689d7fab0 Implicit null exception at 0x000002b694aa4320 to 0x000002b694aa48e8
Event: 111.187 Thread 0x000002b6b95e0f40 Exception <a 'java/lang/NoSuchMethodError'{0x00000000eb104ee8}: 'void java.lang.invoke.DirectMethodHandle$Holder.invokeSpecial(java.lang.Object, java.lang.Object, java.lang.Object)'> (0x00000000eb104ee8) 
thrown [s\src\hotspot\share\interpreter\linkResolver.cpp, line 773]

ZGC Phase Switch (0 events):
No events

VM Operations (20 events):
Event: 100.722 Executing non-safepoint VM operation: HandshakeAllThreads (Deoptimize)
Event: 100.722 Executing non-safepoint VM operation: HandshakeAllThreads (Deoptimize) done
Event: 101.735 Executing safepoint VM operation: Cleanup
Event: 102.109 Executing safepoint VM operation: Cleanup done
Event: 103.120 Executing safepoint VM operation: Cleanup
Event: 103.120 Executing safepoint VM operation: Cleanup done
Event: 104.128 Executing safepoint VM operation: Cleanup
Event: 104.128 Executing safepoint VM operation: Cleanup done
Event: 105.141 Executing safepoint VM operation: Cleanup
Event: 105.264 Executing safepoint VM operation: Cleanup done
Event: 106.368 Executing non-safepoint VM operation: HandshakeAllThreads (Deoptimize)
Event: 106.368 Executing non-safepoint VM operation: HandshakeAllThreads (Deoptimize) done
Event: 107.380 Executing safepoint VM operation: Cleanup
Event: 107.380 Executing safepoint VM operation: Cleanup done
Event: 108.394 Executing safepoint VM operation: Cleanup
Event: 108.482 Executing safepoint VM operation: Cleanup done
Event: 109.501 Executing safepoint VM operation: Cleanup
Event: 109.962 Executing safepoint VM operation: Cleanup done
Event: 110.973 Executing safepoint VM operation: Cleanup
Event: 111.174 Executing safepoint VM operation: Cleanup done

Memory protections (0 events):
No events

Nmethod flushes (0 events):
No events

Events (20 events):
Event: 0.756 Thread 0x000002b689d7fab0 Thread added: 0x000002b689d7fab0
Event: 1.687 Thread 0x000002b689d7fab0 Thread added: 0x000002b69eeae680
Event: 1.688 Thread 0x000002b689d7fab0 Thread added: 0x000002b69eeaf340
Event: 1.688 Thread 0x000002b689d7fab0 Thread added: 0x000002b69eeb0260
Event: 1.688 Thread 0x000002b689d7fab0 Thread added: 0x000002b69eeb22d0
Event: 1.688 Thread 0x000002b689d7fab0 Thread added: 0x000002b69eeb4e40
Event: 1.689 Thread 0x000002b689d7fab0 Thread added: 0x000002b69eeb58a0
Event: 1.689 Thread 0x000002b689d7fab0 Thread added: 0x000002b69eeb6630
Event: 2.228 Thread 0x000002b689d7fab0 Thread added: 0x000002b6b805b010
Event: 3.635 Thread 0x000002b689d7fab0 Thread added: 0x000002b6b81d4d00
Event: 4.818 Thread 0x000002b689d7fab0 Thread added: 0x000002b6b826f100
Event: 20.800 Thread 0x000002b6b805b010 Thread added: 0x000002b6b84f9090
Event: 21.487 Thread 0x000002b6b84f9090 Thread exited: 0x000002b6b84f9090
Event: 86.581 Thread 0x000002b689d7fab0 Thread added: 0x000002b6b9046050
Event: 99.361 Thread 0x000002b689d7fab0 Thread added: 0x000002b6b81fdbd0
Event: 104.759 Thread 0x000002b689d7fab0 Thread added: 0x000002b6b9932410
Event: 107.985 Thread 0x000002b6b81fdbd0 Thread added: 0x000002b6b95e0f40
Event: 108.470 Thread 0x000002b6b95e0f40 Thread added: 0x000002b6b95944d0
Event: 110.027 Thread 0x000002b6b95e0f40 Thread added: 0x000002b6b96f6a20
Event: 111.193 Thread 0x000002b6b95e0f40 Thread added: 0x000002b6b9812c40


Dynamic libraries:
0x00007ff649030000 - 0x00007ff64903e000 	C:\Users\Atif\.vscode\extensions\redhat.java-1.54.0-win32-x64\jre\21.0.10-win32-x86_64\bin\java.exe
0x00007fff8e4f0000 - 0x00007fff8e708000 	C:\Windows\SYSTEM32\ntdll.dll
0x00007fff8d090000 - 0x00007fff8d154000 	C:\Windows\System32\KERNEL32.DLL
0x00007fff8bd30000 - 0x00007fff8c103000 	C:\Windows\System32\KERNELBASE.dll
0x00007fff8ba50000 - 0x00007fff8bb61000 	C:\Windows\System32\ucrtbase.dll
0x00007fff81370000 - 0x00007fff81388000 	C:\Users\Atif\.vscode\extensions\redhat.java-1.54.0-win32-x64\jre\21.0.10-win32-x86_64\bin\jli.dll
0x00007fff8c190000 - 0x00007fff8c342000 	C:\Windows\System32\USER32.dll
0x00007fff8b810000 - 0x00007fff8b836000 	C:\Windows\System32\win32u.dll
0x00007fff8df50000 - 0x00007fff8df79000 	C:\Windows\System32\GDI32.dll
0x00007fff8b6c0000 - 0x00007fff8b7db000 	C:\Windows\System32\gdi32full.dll
0x00007fff8b9b0000 - 0x00007fff8ba4a000 	C:\Windows\System32\msvcp_win.dll
0x00007fff81350000 - 0x00007fff8136e000 	C:\Users\Atif\.vscode\extensions\redhat.java-1.54.0-win32-x64\jre\21.0.10-win32-x86_64\bin\VCRUNTIME140.dll
0x00007fff756f0000 - 0x00007fff7598c000 	C:\Windows\WinSxS\amd64_microsoft.windows.common-controls_6595b64144ccf1df_6.0.22621.6060_none_2712eda17382d24b\COMCTL32.dll
0x00007fff8c780000 - 0x00007fff8c827000 	C:\Windows\System32\msvcrt.dll
0x00007fff8c6e0000 - 0x00007fff8c711000 	C:\Windows\System32\IMM32.DLL
0x00007fff81340000 - 0x00007fff8134c000 	C:\Users\Atif\.vscode\extensions\redhat.java-1.54.0-win32-x64\jre\21.0.10-win32-x86_64\bin\vcruntime140_1.dll
0x00007fff80f60000 - 0x00007fff80fed000 	C:\Users\Atif\.vscode\extensions\redhat.java-1.54.0-win32-x64\jre\21.0.10-win32-x86_64\bin\msvcp140.dll
0x00007fff3da30000 - 0x00007fff3e7d1000 	C:\Users\Atif\.vscode\extensions\redhat.java-1.54.0-win32-x64\jre\21.0.10-win32-x86_64\bin\server\jvm.dll
0x00007fff8e090000 - 0x00007fff8e141000 	C:\Windows\System32\ADVAPI32.dll
0x00007fff8cfe0000 - 0x00007fff8d088000 	C:\Windows\System32\sechost.dll
0x00007fff8b7e0000 - 0x00007fff8b808000 	C:\Windows\System32\bcrypt.dll
0x00007fff8c350000 - 0x00007fff8c468000 	C:\Windows\System32\RPCRT4.dll
0x00007fff8c930000 - 0x00007fff8c9a1000 	C:\Windows\System32\WS2_32.dll
0x00007fff8b320000 - 0x00007fff8b36d000 	C:\Windows\SYSTEM32\POWRPROF.dll
0x00007fff80700000 - 0x00007fff80734000 	C:\Windows\SYSTEM32\WINMM.dll
0x00007fff79230000 - 0x00007fff7923a000 	C:\Windows\SYSTEM32\VERSION.dll
0x00007fff8b300000 - 0x00007fff8b313000 	C:\Windows\SYSTEM32\UMPDC.dll
0x00007fff8a5e0000 - 0x00007fff8a5f8000 	C:\Windows\SYSTEM32\kernel.appcore.dll
0x00007fff81330000 - 0x00007fff8133a000 	C:\Users\Atif\.vscode\extensions\redhat.java-1.54.0-win32-x64\jre\21.0.10-win32-x86_64\bin\jimage.dll
0x00007fff840b0000 - 0x00007fff842e3000 	C:\Windows\SYSTEM32\DBGHELP.DLL
0x00007fff8db90000 - 0x00007fff8df21000 	C:\Windows\System32\combase.dll
0x00007fff8da00000 - 0x00007fff8dad8000 	C:\Windows\System32\OLEAUT32.dll
0x00007fff6df20000 - 0x00007fff6df52000 	C:\Windows\SYSTEM32\dbgcore.DLL
0x00007fff8bb70000 - 0x00007fff8bbeb000 	C:\Windows\System32\bcryptPrimitives.dll
0x00007fff80e80000 - 0x00007fff80e8f000 	C:\Users\Atif\.vscode\extensions\redhat.java-1.54.0-win32-x64\jre\21.0.10-win32-x86_64\bin\instrument.dll
0x00007fff80f40000 - 0x00007fff80f60000 	C:\Users\Atif\.vscode\extensions\redhat.java-1.54.0-win32-x64\jre\21.0.10-win32-x86_64\bin\java.dll
0x00007fff8d160000 - 0x00007fff8d9fc000 	C:\Windows\System32\SHELL32.dll
0x00007fff8bbf0000 - 0x00007fff8bd2f000 	C:\Windows\System32\wintypes.dll
0x00007fff89500000 - 0x00007fff89e1a000 	C:\Windows\SYSTEM32\windows.storage.dll
0x00007fff8ce40000 - 0x00007fff8cf44000 	C:\Windows\System32\SHCORE.dll
0x00007fff8c660000 - 0x00007fff8c6c9000 	C:\Windows\System32\shlwapi.dll
0x00007fff8b530000 - 0x00007fff8b555000 	C:\Windows\SYSTEM32\profapi.dll
0x00007fff80e60000 - 0x00007fff80e78000 	C:\Users\Atif\.vscode\extensions\redhat.java-1.54.0-win32-x64\jre\21.0.10-win32-x86_64\bin\zip.dll
0x00007fff80ef0000 - 0x00007fff80f00000 	C:\Users\Atif\.vscode\extensions\redhat.java-1.54.0-win32-x64\jre\21.0.10-win32-x86_64\bin\net.dll
0x00007fff83e30000 - 0x00007fff83f5c000 	C:\Windows\SYSTEM32\WINHTTP.dll
0x00007fff8aac0000 - 0x00007fff8ab29000 	C:\Windows\system32\mswsock.dll
0x00007fff80f20000 - 0x00007fff80f36000 	C:\Users\Atif\.vscode\extensions\redhat.java-1.54.0-win32-x64\jre\21.0.10-win32-x86_64\bin\nio.dll
0x00007fff80750000 - 0x00007fff80760000 	C:\Users\Atif\.vscode\extensions\redhat.java-1.54.0-win32-x64\jre\21.0.10-win32-x86_64\bin\verify.dll
0x00007fff75000000 - 0x00007fff75027000 	C:\Users\Atif\.gradle\native\c067742578af261105cb4f569cf0c3c89f3d7b1fecec35dd04571415982c5e48\windows-amd64\native-platform.dll
0x00007fff424d0000 - 0x00007fff42614000 	C:\Users\Atif\.gradle\native\100fb08df4bc3b14c8652ba06237920a3bd2aa13389f12d3474272988ae205f9\windows-amd64\native-platform-file-events.dll
0x00007fff81390000 - 0x00007fff8139a000 	C:\Users\Atif\.vscode\extensions\redhat.java-1.54.0-win32-x64\jre\21.0.10-win32-x86_64\bin\management.dll
0x00007fff80e90000 - 0x00007fff80e9c000 	C:\Users\Atif\.vscode\extensions\redhat.java-1.54.0-win32-x64\jre\21.0.10-win32-x86_64\bin\management_ext.dll
0x00007fff8cf50000 - 0x00007fff8cf58000 	C:\Windows\System32\PSAPI.DLL
0x00007fff8ad20000 - 0x00007fff8ad3b000 	C:\Windows\SYSTEM32\CRYPTSP.dll
0x00007fff8a540000 - 0x00007fff8a577000 	C:\Windows\system32\rsaenh.dll
0x00007fff8abb0000 - 0x00007fff8abd8000 	C:\Windows\SYSTEM32\USERENV.dll
0x00007fff8ad10000 - 0x00007fff8ad1c000 	C:\Windows\SYSTEM32\CRYPTBASE.dll
0x00007fff8a0c0000 - 0x00007fff8a0ed000 	C:\Windows\SYSTEM32\IPHLPAPI.DLL
0x00007fff8c6d0000 - 0x00007fff8c6d9000 	C:\Windows\System32\NSI.dll
0x00007fff74eb0000 - 0x00007fff74eb9000 	C:\Users\Atif\.vscode\extensions\redhat.java-1.54.0-win32-x64\jre\21.0.10-win32-x86_64\bin\extnet.dll
0x00007fff75350000 - 0x00007fff7535e000 	C:\Users\Atif\.vscode\extensions\redhat.java-1.54.0-win32-x64\jre\21.0.10-win32-x86_64\bin\sunmscapi.dll
0x00007fff8b840000 - 0x00007fff8b9a8000 	C:\Windows\System32\CRYPT32.dll
0x00007fff8aed0000 - 0x00007fff8aefe000 	C:\Windows\SYSTEM32\ncrypt.dll
0x00007fff8ae90000 - 0x00007fff8aec7000 	C:\Windows\SYSTEM32\NTASN1.dll
0x00007fff75360000 - 0x00007fff75368000 	C:\Windows\system32\wshunix.dll

JVMTI agents:
C:\Users\Atif\.gradle\wrapper\dists\gradle-8.9-bin\90cnw93cvbtalezasaz0blq0a\gradle-8.9\lib\agents\gradle-instrumentation-agent-8.9.jar path:C:\Users\Atif\.vscode\extensions\redhat.java-1.54.0-win32-x64\jre\21.0.10-win32-x86_64\bin\instrument.dll, loaded, initialized, instrumentlib options:none

dbghelp: loaded successfully - version: 4.0.5 - missing functions: none
symbol engine: initialized successfully - sym options: 0x614 - pdb path: .;C:\Users\Atif\.vscode\extensions\redhat.java-1.54.0-win32-x64\jre\21.0.10-win32-x86_64\bin;C:\Windows\SYSTEM32;C:\Windows\WinSxS\amd64_microsoft.windows.common-controls_6595b64144ccf1df_6.0.22621.6060_none_2712eda17382d24b;C:\Users\Atif\.vscode\extensions\redhat.java-1.54.0-win32-x64\jre\21.0.10-win32-x86_64\bin\server;C:\Users\Atif\.gradle\native\c067742578af261105cb4f569cf0c3c89f3d7b1fecec35dd04571415982c5e48\windows-amd64;C:\Users\Atif\.gradle\native\100fb08df4bc3b14c8652ba06237920a3bd2aa13389f12d3474272988ae205f9\windows-amd64

VM Arguments:
jvm_args: --add-opens=java.base/java.util=ALL-UNNAMED --add-opens=java.base/java.lang=ALL-UNNAMED --add-opens=java.base/java.lang.invoke=ALL-UNNAMED --add-opens=java.prefs/java.util.prefs=ALL-UNNAMED --add-exports=jdk.compiler/com.sun.tools.javac.api=ALL-UNNAMED --add-exports=jdk.compiler/com.sun.tools.javac.util=ALL-UNNAMED --add-opens=java.base/java.nio.charset=ALL-UNNAMED --add-opens=java.base/java.net=ALL-UNNAMED --add-opens=java.base/java.util.concurrent.atomic=ALL-UNNAMED -XX:MaxMetaspaceSize=384m -XX:+HeapDumpOnOutOfMemoryError -Xms256m -Xmx512m -Dfile.encoding=utf8 -Duser.country=US -Duser.language=en -Duser.variant -javaagent:C:\Users\Atif\.gradle\wrapper\dists\gradle-8.9-bin\90cnw93cvbtalezasaz0blq0a\gradle-8.9\lib\agents\gradle-instrumentation-agent-8.9.jar 
java_command: org.gradle.launcher.daemon.bootstrap.GradleDaemon 8.9
java_class_path (initial): C:\Users\Atif\.gradle\wrapper\dists\gradle-8.9-bin\90cnw93cvbtalezasaz0blq0a\gradle-8.9\lib\gradle-daemon-main-8.9.jar
Launcher Type: SUN_STANDARD

[Global flags]
     intx CICompilerCount                          = 3                                         {product} {ergonomic}
   size_t CompressedClassSpaceSize                 = 335544320                                 {product} {ergonomic}
     uint ConcGCThreads                            = 1                                         {product} {ergonomic}
     uint G1ConcRefinementThreads                  = 4                                         {product} {ergonomic}
   size_t G1HeapRegionSize                         = 1048576                                   {product} {ergonomic}
    uintx GCDrainStackTargetSize                   = 64                                        {product} {ergonomic}
     bool HeapDumpOnOutOfMemoryError               = true                                   {manageable} {command line}
   size_t InitialHeapSize                          = 268435456                                 {product} {command line}
   size_t MarkStackSize                            = 4194304                                   {product} {ergonomic}
   size_t MaxHeapSize                              = 536870912                                 {product} {command line}
   size_t MaxMetaspaceSize                         = 402653184                                 {product} {command line}
   size_t MaxNewSize                               = 321912832                                 {product} {ergonomic}
   size_t MinHeapDeltaBytes                        = 1048576                                   {product} {ergonomic}
   size_t MinHeapSize                              = 268435456                                 {product} {command line}
    uintx NonNMethodCodeHeapSize                   = 5832780                                {pd product} {ergonomic}
    uintx NonProfiledCodeHeapSize                  = 122912730                              {pd product} {ergonomic}
    uintx ProfiledCodeHeapSize                     = 122912730                              {pd product} {ergonomic}
    uintx ReservedCodeCacheSize                    = 251658240                              {pd product} {ergonomic}
     bool SegmentedCodeCache                       = true                                      {product} {ergonomic}
   size_t SoftMaxHeapSize                          = 536870912                              {manageable} {ergonomic}
     bool UseCompressedOops                        = true                           {product lp64_product} {ergonomic}
     bool UseG1GC                                  = true                                      {product} {ergonomic}
     bool UseLargePagesIndividualAllocation        = false                                  {pd product} {ergonomic}

Logging:
Log output configuration:
 #0: stdout all=warning uptime,level,tags foldmultilines=false
 #1: stderr all=off uptime,level,tags foldmultilines=false

Release file:
JAVA_VERSION="21.0.10" 
MODULES="java.base java.compiler java.datatransfer java.xml java.prefs java.desktop java.instrument java.logging java.management java.security.sasl java.naming java.rmi java.management.rmi java.net.http java.scripting java.security.jgss java.transaction.xa java.sql java.sql.rowset java.xml.crypto java.se java.smartcardio jdk.accessibility jdk.internal.jvmstat jdk.attach jdk.charsets jdk.internal.opt jdk.zipfs jdk.compiler jdk.crypto.ec jdk.crypto.cryptoki jdk.crypto.mscapi jdk.dynalink jdk.internal.ed jdk.editpad jdk.hotspot.agent jdk.httpserver jdk.internal.le jdk.internal.vm.ci jdk.internal.vm.compiler jdk.internal.vm.compiler.management jdk.jartool jdk.javadoc jdk.jcmd jdk.management jdk.management.agent jdk.jconsole jdk.jdeps jdk.jdwp.agent jdk.jdi jdk.jfr jdk.jshell jdk.jsobject jdk.jstatd jdk.localedata jdk.management.jfr jdk.naming.dns jdk.naming.rmi jdk.net jdk.nio.mapmode jdk.random jdk.sctp jdk.security.auth jdk.security.jgss jdk.unsupported jdk.unsupported.desktop jdk.xml.dom" 

Environment Variables:
JAVA_HOME=C:\Users\Atif\AppData\Local\Programs\Eclipse Adoptium\jdk-25.0.1.8-hotspot
PATH=C:\Users\Atif\AppData\Local\Programs\Microsoft VS Code;C:\Python313\Scripts\;C:\Python313\;C:\Windows\system32;C:\Windows;C:\Windows\System32\Wbem;C:\Windows\System32\WindowsPowerShell\v1.0\;C:\Windows\System32\OpenSSH\;C:\Program Files\Git\cmd;C:\Program Files\nodejs\;C:\ProgramData\chocolatey\bin;C:\Program Files\cursor\resources\app\bin;C:\xampp\php;C:\composer;C:\Users\Atif\AppData\Local\Programs\Eclipse Adoptium\jdk-17.0.17.10-hotspot\bin;C:\Users\Atif\AppData\Local\Programs\Eclipse Adoptium\jdk-25.0.1.8-hotspot\bin;C:\Users\Atif\AppData\Local\Microsoft\WindowsApps;C:\Users\Atif\AppData\Local\Programs\Microsoft VS Code\bin;C:\flutter\bin;C:\Users\Atif\AppData\Roaming\npm;C:\Users\Atif\AppData\Roaming\Composer\vendor\bin;C:\Users\Atif\AppData\Local\Programs\Eclipse Adoptium\jdk-25.0.1.8-hotspot\bin;C:\Users\Atif\AppData\Local\Programs\Kiro\bin;C:\Users\Atif\AppData\Local\GitHubDesktop\bin
USERNAME=Atif
OS=Windows_NT
PROCESSOR_IDENTIFIER=Intel64 Family 6 Model 78 Stepping 3, GenuineIntel
TMP=C:\Users\Atif\AppData\Local\Temp
TEMP=C:\Users\Atif\AppData\Local\Temp




Periodic native trim disabled

---------------  S Y S T E M  ---------------

OS:
 Windows 11 , 64 bit Build 22621 (10.0.22621.5415)
OS uptime: 0 days 1:29 hours

CPU: total 4 (initial active 4) (2 cores per cpu, 2 threads per core) family 6 model 78 stepping 3 microcode 0xd6, cx8, cmov, fxsr, ht, mmx, 3dnowpref, sse, sse2, sse3, ssse3, sse4.1, sse4.2, popcnt, lzcnt, tsc, tscinvbit, avx, avx2, aes, erms, clmul, bmi1, bmi2, adx, fma, vzeroupper, clflush, clflushopt, rdtscp, f16c
Processor Information for the first 4 processors :
  Max Mhz: 2400, Current Mhz: 1500, Mhz Limit: 2280

Memory: 4k page, system-wide physical 8072M (1014M free)
TotalPageFile size 32648M (AvailPageFile size 2M)
current process WorkingSet (physical memory assigned to process): 95M, peak: 123M
current process commit charge ("private bytes"): 366M, peak: 368M

vm_info: OpenJDK 64-Bit Server VM (21.0.10+7-LTS) for windows-amd64 JRE (21.0.10+7-LTS), built on 2026-01-20T00:00:00Z by "admin" with MS VC++ 17.12 (VS2022)

END.
